Using pre-set license
Built from '6000.0/staging' branch; Version is '6000.0.34f1 (5ab2d9ed9190) revision 5944025'; Using compiler version '193933523'; Build Type 'Release'
OS: 'Windows 11  (10.0.22631) 64bit Core' Language: 'fr' Physical Memory: 32649 MB
BatchMode: 1, IsHumanControllingUs: 0, StartBugReporterOnCrash: 0, Is64bit: 1, IsPro: 1

COMMAND LINE ARGUMENTS:
C:\Program Files\Unity\Hub\Editor\6000.0.34f1\Editor\Unity.exe
-adb2
-batchMode
-noUpm
-name
AssetImportWorker1
-projectPath
C:/Users/Nathan MOREL/Documents/LDraw_Importer_Unity
-logFile
Logs/AssetImportWorker1.log
-srvPort
8888
-job-worker-count
5
-background-job-worker-count
8
-gc-helper-count
1
Successfully changed project path to: C:/Users/Nathan MOREL/Documents/LDraw_Importer_Unity
C:/Users/Nathan MOREL/Documents/LDraw_Importer_Unity
[UnityMemory] Configuration Parameters - Can be set up in boot.config
    "memorysetup-bucket-allocator-granularity=16"
    "memorysetup-bucket-allocator-bucket-count=8"
    "memorysetup-bucket-allocator-block-size=33554432"
    "memorysetup-bucket-allocator-block-count=8"
    "memorysetup-main-allocator-block-size=16777216"
    "memorysetup-thread-allocator-block-size=16777216"
    "memorysetup-gfx-main-allocator-block-size=16777216"
    "memorysetup-gfx-thread-allocator-block-size=16777216"
    "memorysetup-cache-allocator-block-size=4194304"
    "memorysetup-typetree-allocator-block-size=2097152"
    "memorysetup-profiler-bucket-allocator-granularity=16"
    "memorysetup-profiler-bucket-allocator-bucket-count=8"
    "memorysetup-profiler-bucket-allocator-block-size=33554432"
    "memorysetup-profiler-bucket-allocator-block-count=8"
    "memorysetup-profiler-allocator-block-size=16777216"
    "memorysetup-profiler-editor-allocator-block-size=1048576"
    "memorysetup-temp-allocator-size-main=16777216"
    "memorysetup-job-temp-allocator-block-size=2097152"
    "memorysetup-job-temp-allocator-block-size-background=1048576"
    "memorysetup-job-temp-allocator-reduction-small-platforms=262144"
    "memorysetup-allocator-temp-initial-block-size-main=262144"
    "memorysetup-allocator-temp-initial-block-size-worker=262144"
    "memorysetup-temp-allocator-size-background-worker=32768"
    "memorysetup-temp-allocator-size-job-worker=262144"
    "memorysetup-temp-allocator-size-preload-manager=33554432"
    "memorysetup-temp-allocator-size-nav-mesh-worker=65536"
    "memorysetup-temp-allocator-size-audio-worker=65536"
    "memorysetup-temp-allocator-size-cloud-worker=32768"
    "memorysetup-temp-allocator-size-gi-baking-worker=262144"
    "memorysetup-temp-allocator-size-gi-baking-worker=262144"
    "memorysetup-temp-allocator-size-gi-baking-worker=262144"
    "memorysetup-temp-allocator-size-gi-baking-worker=262144"
    "memorysetup-temp-allocator-size-gi-baking-worker=262144"
    "memorysetup-temp-allocator-size-gfx=262144"
Player connection [2160]  Target information:

Player connection [2160]  * "[IP] 192.168.0.134 [Port] 0 [Flags] 2 [Guid] 1839841163 [EditorId] 1839841163 [Version] 1048832 [Id] WindowsEditor(7,DESKTOP-5IGQ091) [Debug] 1 [PackageName] WindowsEditor [ProjectName] Editor" 

Player connection [2160]  * "[IP] 169.254.123.98 [Port] 0 [Flags] 2 [Guid] 1839841163 [EditorId] 1839841163 [Version] 1048832 [Id] WindowsEditor(7,DESKTOP-5IGQ091) [Debug] 1 [PackageName] WindowsEditor [ProjectName] Editor" 

Player connection [2160]  * "[IP] 192.168.32.1 [Port] 0 [Flags] 2 [Guid] 1839841163 [EditorId] 1839841163 [Version] 1048832 [Id] WindowsEditor(7,DESKTOP-5IGQ091) [Debug] 1 [PackageName] WindowsEditor [ProjectName] Editor" 

Player connection [2160]  * "[IP] 172.28.176.1 [Port] 0 [Flags] 2 [Guid] 1839841163 [EditorId] 1839841163 [Version] 1048832 [Id] WindowsEditor(7,DESKTOP-5IGQ091) [Debug] 1 [PackageName] WindowsEditor [ProjectName] Editor" 

Player connection [2160]  * "[IP] 192.168.142.1 [Port] 0 [Flags] 2 [Guid] 1839841163 [EditorId] 1839841163 [Version] 1048832 [Id] WindowsEditor(7,DESKTOP-5IGQ091) [Debug] 1 [PackageName] WindowsEditor [ProjectName] Editor" 

Player connection [2160] Host joined multi-casting on [225.0.0.222:54997]...
Player connection [2160] Host joined alternative multi-casting on [225.0.0.222:34997]...
JobSystem: Creating JobQueue using job-worker-count value 5
Input System module state changed to: Initialized.
[Physics::Module] Initialized fallback backend.
[Physics::Module] Id: 0xdecafbad
Library Redirect Path: Library/
[Physics::Module] Selected backend.
[Physics::Module] Name: PhysX
[Physics::Module] Id: 0xf2b8ea05
[Physics::Module] SDK Version: 4.1.2
[Physics::Module] Integration Version: 1.0.0
[Physics::Module] Threading Mode: Multi-Threaded
Refreshing native plugins compatible for Editor in 6.61 ms, found 3 plugins.
Preloading 0 native plugins for Editor in 0.00 ms.
Initialize engine version: 6000.0.34f1 (5ab2d9ed9190)
[Subsystems] Discovering subsystems at path C:/Program Files/Unity/Hub/Editor/6000.0.34f1/Editor/Data/Resources/UnitySubsystems
[Subsystems] Discovering subsystems at path C:/Users/Nathan MOREL/Documents/LDraw_Importer_Unity/Assets
GfxDevice: creating device client; kGfxThreadingModeNonThreaded
Direct3D:
    Version:  Direct3D 11.0 [level 11.1]
    Renderer: NVIDIA GeForce RTX 3080 Ti (ID=0x2208)
    Vendor:   NVIDIA
    VRAM:     12086 MB
    Driver:   32.0.15.6094
Initialize mono
Mono path[0] = 'C:/Program Files/Unity/Hub/Editor/6000.0.34f1/Editor/Data/Managed'
Mono path[1] = 'C:/Program Files/Unity/Hub/Editor/6000.0.34f1/Editor/Data/MonoBleedingEdge/lib/mono/unityjit-win32'
Mono config path = 'C:/Program Files/Unity/Hub/Editor/6000.0.34f1/Editor/Data/MonoBleedingEdge/etc'
Using monoOptions --debugger-agent=transport=dt_socket,embedding=1,server=y,suspend=n,address=127.0.0.1:56564
Begin MonoManager ReloadAssembly
Registering precompiled unity dll's ...
Register platform support module: C:/Program Files/Unity/Hub/Editor/6000.0.34f1/Editor/Data/PlaybackEngines/WindowsStandaloneSupport/UnityEditor.WindowsStandalone.Extensions.dll
Register platform support module: C:/Program Files/Unity/Hub/Editor/6000.0.34f1/Editor/Data/PlaybackEngines/AndroidPlayer/UnityEditor.Android.Extensions.dll
Registered in 0.003795 seconds.
- Loaded All Assemblies, in  0.352 seconds
Native extension for Android target not found
Android Extension - Scanning For ADB Devices 208 ms
Native extension for WindowsStandalone target not found
Mono: successfully reloaded assembly
- Finished resetting the current domain, in  0.531 seconds
Domain Reload Profiling: 880ms
	BeginReloadAssembly (125ms)
		ExecutionOrderSort (0ms)
		DisableScriptedObjects (0ms)
		BackupInstance (0ms)
		ReleaseScriptingObjects (0ms)
		CreateAndSetChildDomain (1ms)
	RebuildCommonClasses (30ms)
	RebuildNativeTypeToScriptingClass (10ms)
	initialDomainReloadingComplete (51ms)
	LoadAllAssembliesAndSetupDomain (133ms)
		LoadAssemblies (122ms)
		RebuildTransferFunctionScriptingTraits (0ms)
		AnalyzeDomain (129ms)
			TypeCache.Refresh (128ms)
				TypeCache.ScanAssembly (117ms)
			BuildScriptInfoCaches (0ms)
			ResolveRequiredComponents (1ms)
	FinalizeReload (531ms)
		ReleaseScriptCaches (0ms)
		RebuildScriptCaches (0ms)
		SetupLoadedEditorAssemblies (503ms)
			LogAssemblyErrors (0ms)
			InitializePlatformSupportModulesInManaged (298ms)
			SetLoadedEditorAssemblies (3ms)
			BeforeProcessingInitializeOnLoad (46ms)
			ProcessInitializeOnLoadAttributes (103ms)
			ProcessInitializeOnLoadMethodAttributes (53ms)
			AfterProcessingInitializeOnLoad (0ms)
			EditorAssembliesLoaded (0ms)
		ExecutionOrderSort2 (0ms)
		AwakeInstancesAfterBackupRestoration (0ms)
========================================================================
Worker process is ready to serve import requests
Import Worker Mode flag is 0x00
Begin MonoManager ReloadAssembly
Symbol file LoadedFromMemory is not a mono symbol file
- Loaded All Assemblies, in  0.593 seconds
Refreshing native plugins compatible for Editor in 5.57 ms, found 3 plugins.
Native extension for Android target not found
Native extension for WindowsStandalone target not found
Mono: successfully reloaded assembly
- Finished resetting the current domain, in  0.602 seconds
Domain Reload Profiling: 1191ms
	BeginReloadAssembly (163ms)
		ExecutionOrderSort (0ms)
		DisableScriptedObjects (6ms)
		BackupInstance (0ms)
		ReleaseScriptingObjects (0ms)
		CreateAndSetChildDomain (32ms)
	RebuildCommonClasses (30ms)
	RebuildNativeTypeToScriptingClass (10ms)
	initialDomainReloadingComplete (32ms)
	LoadAllAssembliesAndSetupDomain (353ms)
		LoadAssemblies (313ms)
		RebuildTransferFunctionScriptingTraits (0ms)
		AnalyzeDomain (133ms)
			TypeCache.Refresh (92ms)
				TypeCache.ScanAssembly (77ms)
			BuildScriptInfoCaches (35ms)
			ResolveRequiredComponents (4ms)
	FinalizeReload (602ms)
		ReleaseScriptCaches (0ms)
		RebuildScriptCaches (0ms)
		SetupLoadedEditorAssemblies (499ms)
			LogAssemblyErrors (0ms)
			InitializePlatformSupportModulesInManaged (10ms)
			SetLoadedEditorAssemblies (3ms)
			BeforeProcessingInitializeOnLoad (93ms)
			ProcessInitializeOnLoadAttributes (254ms)
			ProcessInitializeOnLoadMethodAttributes (134ms)
			AfterProcessingInitializeOnLoad (5ms)
			EditorAssembliesLoaded (0ms)
		ExecutionOrderSort2 (0ms)
		AwakeInstancesAfterBackupRestoration (4ms)
Launched and connected shader compiler UnityShaderCompiler.exe after 0.01 seconds
Refreshing native plugins compatible for Editor in 7.18 ms, found 3 plugins.
Preloading 0 native plugins for Editor in 0.00 ms.
Unloading 7 Unused Serialized files (Serialized files now loaded: 0)
Unloading 2969 unused Assets / (0.8 MB). Loaded Objects now: 3432.
Memory consumption went from 80.1 MB to 79.3 MB.
Total: 9.343600 ms (FindLiveObjects: 0.288300 ms CreateObjectMapping: 0.179100 ms MarkObjects: 8.212200 ms  DeleteObjects: 0.663500 ms)

========================================================================
Received Import Request.
  Time since last request: 633104.366022 seconds.
  path: Assets/LDraw-Importer/Default Materials/default_opaque.mat
  artifactKey: Guid(d5ddcbb5d94685f4b9ba040a31cc17ce) Importer(815301076,1909f56bfc062723c751e8b465ee728b)
Start importing Assets/LDraw-Importer/Default Materials/default_opaque.mat using Guid(d5ddcbb5d94685f4b9ba040a31cc17ce) Importer(815301076,1909f56bfc062723c751e8b465ee728b) (PreviewImporter) -> (artifact id: 'bc9eed2730337dadbdd73b6f52ae1a5d') in 0.1404243 seconds
Number of updated asset objects reloaded before import = 0Number of asset objects unloaded after import = 3

========================================================================
Received Import Request.
  Time since last request: 0.837749 seconds.
  path: Assets/LDraw-Importer/Materials/Black.mat
  artifactKey: Guid(99296ed922b3d6e4f830b8c630cc1dfb) Importer(815301076,1909f56bfc062723c751e8b465ee728b)
Start importing Assets/LDraw-Importer/Materials/Black.mat using Guid(99296ed922b3d6e4f830b8c630cc1dfb) Importer(815301076,1909f56bfc062723c751e8b465ee728b) (PreviewImporter) -> (artifact id: 'a65e74ea943a22a598f8f0622149b17b') in 0.0144592 seconds
Number of updated asset objects reloaded before import = 0Number of asset objects unloaded after import = 3

========================================================================
Received Import Request.
  Time since last request: 0.000013 seconds.
  path: Assets/LDraw-Importer/Materials/Blue.mat
  artifactKey: Guid(156c6ffa54027ea40812680652a641d0) Importer(815301076,1909f56bfc062723c751e8b465ee728b)
Start importing Assets/LDraw-Importer/Materials/Blue.mat using Guid(156c6ffa54027ea40812680652a641d0) Importer(815301076,1909f56bfc062723c751e8b465ee728b) (PreviewImporter) -> (artifact id: 'cf99ce965aafd9ff912103f0021cde5b') in 0.0151262 seconds
Number of updated asset objects reloaded before import = 0Number of asset objects unloaded after import = 3

========================================================================
Received Import Request.
  Time since last request: 0.003117 seconds.
  path: Assets/LDraw-Importer/Materials/Bright_Green.mat
  artifactKey: Guid(f154b63b0f3e64f4f8e0d9e26f3e14ee) Importer(815301076,1909f56bfc062723c751e8b465ee728b)
Start importing Assets/LDraw-Importer/Materials/Bright_Green.mat using Guid(f154b63b0f3e64f4f8e0d9e26f3e14ee) Importer(815301076,1909f56bfc062723c751e8b465ee728b) (PreviewImporter) -> (artifact id: 'a8a772085c6cfb3f1f20317ac237a2f0') in 0.0168814 seconds
Number of updated asset objects reloaded before import = 0Number of asset objects unloaded after import = 3

========================================================================
Received Import Request.
  Time since last request: 0.000013 seconds.
  path: Assets/LDraw-Importer/Materials/Bright_Light_Blue.mat
  artifactKey: Guid(6186912d029d4014bba80e6471262252) Importer(815301076,1909f56bfc062723c751e8b465ee728b)
Start importing Assets/LDraw-Importer/Materials/Bright_Light_Blue.mat using Guid(6186912d029d4014bba80e6471262252) Importer(815301076,1909f56bfc062723c751e8b465ee728b) (PreviewImporter) -> (artifact id: 'f684ccdd23463f2819a45e5374697ebb') in 0.0157406 seconds
Number of updated asset objects reloaded before import = 0Number of asset objects unloaded after import = 3

========================================================================
Received Import Request.
  Time since last request: 0.000018 seconds.
  path: Assets/LDraw-Importer/Materials/Bright_Pink.mat
  artifactKey: Guid(993fd7cf91073844d98dc828df2bf7ca) Importer(815301076,1909f56bfc062723c751e8b465ee728b)
Start importing Assets/LDraw-Importer/Materials/Bright_Pink.mat using Guid(993fd7cf91073844d98dc828df2bf7ca) Importer(815301076,1909f56bfc062723c751e8b465ee728b) (PreviewImporter) -> (artifact id: 'd78f118224ee38853307753bda26ca59') in 0.0155413 seconds
Number of updated asset objects reloaded before import = 0Number of asset objects unloaded after import = 3

========================================================================
Received Import Request.
  Time since last request: 0.000013 seconds.
  path: Assets/LDraw-Importer/Materials/Chrome_Antique_Brass.mat
  artifactKey: Guid(2b060ad4aff30ac4c94b79f5597445c0) Importer(815301076,1909f56bfc062723c751e8b465ee728b)
Start importing Assets/LDraw-Importer/Materials/Chrome_Antique_Brass.mat using Guid(2b060ad4aff30ac4c94b79f5597445c0) Importer(815301076,1909f56bfc062723c751e8b465ee728b) (PreviewImporter) -> (artifact id: 'b53a90fbc40bbc1dff632541d1cd03fc') in 0.0146587 seconds
Number of updated asset objects reloaded before import = 0Number of asset objects unloaded after import = 3

========================================================================
Received Import Request.
  Time since last request: 0.000014 seconds.
  path: Assets/LDraw-Importer/Materials/Chrome_Blue.mat
  artifactKey: Guid(7a3ff6dc56e13744b9fb0edc2debc923) Importer(815301076,1909f56bfc062723c751e8b465ee728b)
Start importing Assets/LDraw-Importer/Materials/Chrome_Blue.mat using Guid(7a3ff6dc56e13744b9fb0edc2debc923) Importer(815301076,1909f56bfc062723c751e8b465ee728b) (PreviewImporter) -> (artifact id: 'b298fbd43d11536a51f1b20380524f65') in 0.0156539 seconds
Number of updated asset objects reloaded before import = 0Number of asset objects unloaded after import = 3

========================================================================
Received Import Request.
  Time since last request: 0.000068 seconds.
  path: Assets/LDraw-Importer/Materials/Chrome_Pink.mat
  artifactKey: Guid(58b25a817d8403d4eaa341c65fba372d) Importer(815301076,1909f56bfc062723c751e8b465ee728b)
Start importing Assets/LDraw-Importer/Materials/Chrome_Pink.mat using Guid(58b25a817d8403d4eaa341c65fba372d) Importer(815301076,1909f56bfc062723c751e8b465ee728b) (PreviewImporter) -> (artifact id: '56b3ac2f3f1d5e963292e8c0fe43f4c1') in 0.0171862 seconds
Number of updated asset objects reloaded before import = 0Number of asset objects unloaded after import = 3

========================================================================
Received Import Request.
  Time since last request: 0.000017 seconds.
  path: Assets/LDraw-Importer/Materials/Chrome_Silver.mat
  artifactKey: Guid(bcdd9307f04ff004abe24fc841e680ef) Importer(815301076,1909f56bfc062723c751e8b465ee728b)
Start importing Assets/LDraw-Importer/Materials/Chrome_Silver.mat using Guid(bcdd9307f04ff004abe24fc841e680ef) Importer(815301076,1909f56bfc062723c751e8b465ee728b) (PreviewImporter) -> (artifact id: '853fbc731b22aee4f3df1c15c2da06c0') in 0.0157645 seconds
Number of updated asset objects reloaded before import = 0Number of asset objects unloaded after import = 3

========================================================================
Received Import Request.
  Time since last request: 0.000017 seconds.
  path: Assets/LDraw-Importer/Materials/Dark_Blue.mat
  artifactKey: Guid(873b5f06ea025b64fbe5eef71bb30896) Importer(815301076,1909f56bfc062723c751e8b465ee728b)
Start importing Assets/LDraw-Importer/Materials/Dark_Blue.mat using Guid(873b5f06ea025b64fbe5eef71bb30896) Importer(815301076,1909f56bfc062723c751e8b465ee728b) (PreviewImporter) -> (artifact id: '525dfe6de0dc814be38bc1dd891077dd') in 0.01559 seconds
Number of updated asset objects reloaded before import = 0Number of asset objects unloaded after import = 3

========================================================================
Received Import Request.
  Time since last request: 0.000012 seconds.
  path: Assets/LDraw-Importer/Materials/Dark_Blue_Violet.mat
  artifactKey: Guid(1d474fd30d7fa15409e9b72b090a6e32) Importer(815301076,1909f56bfc062723c751e8b465ee728b)
Start importing Assets/LDraw-Importer/Materials/Dark_Blue_Violet.mat using Guid(1d474fd30d7fa15409e9b72b090a6e32) Importer(815301076,1909f56bfc062723c751e8b465ee728b) (PreviewImporter) -> (artifact id: '3352a4a71d6235d68d7ad7b0145fe41d') in 0.0147362 seconds
Number of updated asset objects reloaded before import = 0Number of asset objects unloaded after import = 3

========================================================================
Received Import Request.
  Time since last request: 0.000014 seconds.
  path: Assets/LDraw-Importer/Materials/Dark_Brown.mat
  artifactKey: Guid(9ac7a0c762d5a40478936bddaa565df1) Importer(815301076,1909f56bfc062723c751e8b465ee728b)
Start importing Assets/LDraw-Importer/Materials/Dark_Brown.mat using Guid(9ac7a0c762d5a40478936bddaa565df1) Importer(815301076,1909f56bfc062723c751e8b465ee728b) (PreviewImporter) -> (artifact id: '5409f37130dc0ef9b13c1794a54f4083') in 0.0152504 seconds
Number of updated asset objects reloaded before import = 0Number of asset objects unloaded after import = 3

========================================================================
Received Import Request.
  Time since last request: 0.003142 seconds.
  path: Assets/LDraw-Importer/Materials/Dark_Grey.mat
  artifactKey: Guid(029836c3f5f60ba46824e7e3e49a5581) Importer(815301076,1909f56bfc062723c751e8b465ee728b)
Start importing Assets/LDraw-Importer/Materials/Dark_Grey.mat using Guid(029836c3f5f60ba46824e7e3e49a5581) Importer(815301076,1909f56bfc062723c751e8b465ee728b) (PreviewImporter) -> (artifact id: '384d5b824be71b0025c9532b11a40ae6') in 0.0162525 seconds
Number of updated asset objects reloaded before import = 0Number of asset objects unloaded after import = 3

========================================================================
Received Import Request.
  Time since last request: 0.000021 seconds.
  path: Assets/LDraw-Importer/Materials/Dark_Pink.mat
  artifactKey: Guid(a204f1a941db0ea4dad4cca63ed9eb83) Importer(815301076,1909f56bfc062723c751e8b465ee728b)
Start importing Assets/LDraw-Importer/Materials/Dark_Pink.mat using Guid(a204f1a941db0ea4dad4cca63ed9eb83) Importer(815301076,1909f56bfc062723c751e8b465ee728b) (PreviewImporter) -> (artifact id: '9793e56fb9172c5bcf81317ae1f92d2b') in 0.0165843 seconds
Number of updated asset objects reloaded before import = 0Number of asset objects unloaded after import = 3

========================================================================
Received Import Request.
  Time since last request: 0.000024 seconds.
  path: Assets/LDraw-Importer/Materials/Dark_Turquoise.mat
  artifactKey: Guid(9f05affb8bfa5da4bbb1968db9ae7519) Importer(815301076,1909f56bfc062723c751e8b465ee728b)
Start importing Assets/LDraw-Importer/Materials/Dark_Turquoise.mat using Guid(9f05affb8bfa5da4bbb1968db9ae7519) Importer(815301076,1909f56bfc062723c751e8b465ee728b) (PreviewImporter) -> (artifact id: '7145f3d381077e09add0615413955538') in 0.0162748 seconds
Number of updated asset objects reloaded before import = 0Number of asset objects unloaded after import = 3

========================================================================
Received Import Request.
  Time since last request: 0.000019 seconds.
  path: Assets/LDraw-Importer/Materials/Dark_Red.mat
  artifactKey: Guid(2b25bcb94cc652244945043221e2b06d) Importer(815301076,1909f56bfc062723c751e8b465ee728b)
Start importing Assets/LDraw-Importer/Materials/Dark_Red.mat using Guid(2b25bcb94cc652244945043221e2b06d) Importer(815301076,1909f56bfc062723c751e8b465ee728b) (PreviewImporter) -> (artifact id: 'ff8077e0c0cc141c21a025e8ff61260b') in 0.01605 seconds
Number of updated asset objects reloaded before import = 0Number of asset objects unloaded after import = 3

========================================================================
Received Import Request.
  Time since last request: 0.000014 seconds.
  path: Assets/LDraw-Importer/Materials/Electric_Contact_Alloy.mat
  artifactKey: Guid(b67795df2b4ab2e44a8339cc4fdb4366) Importer(815301076,1909f56bfc062723c751e8b465ee728b)
Start importing Assets/LDraw-Importer/Materials/Electric_Contact_Alloy.mat using Guid(b67795df2b4ab2e44a8339cc4fdb4366) Importer(815301076,1909f56bfc062723c751e8b465ee728b) (PreviewImporter) -> (artifact id: '98a3157d78200aa4e5a800611ca7de72') in 0.0157173 seconds
Number of updated asset objects reloaded before import = 0Number of asset objects unloaded after import = 3

========================================================================
Received Import Request.
  Time since last request: 0.000014 seconds.
  path: Assets/LDraw-Importer/Materials/Flat_Dark_Gold.mat
  artifactKey: Guid(064bc1e7db4937a49ae95ce1fe391a8e) Importer(815301076,1909f56bfc062723c751e8b465ee728b)
Start importing Assets/LDraw-Importer/Materials/Flat_Dark_Gold.mat using Guid(064bc1e7db4937a49ae95ce1fe391a8e) Importer(815301076,1909f56bfc062723c751e8b465ee728b) (PreviewImporter) -> (artifact id: '5574c9a393ab29f30932d2e7a8be446c') in 0.014892 seconds
Number of updated asset objects reloaded before import = 0Number of asset objects unloaded after import = 3

========================================================================
Received Import Request.
  Time since last request: 0.000019 seconds.
  path: Assets/LDraw-Importer/Materials/Flesh.mat
  artifactKey: Guid(462dce76e0b2af746be4379235d0f56f) Importer(815301076,1909f56bfc062723c751e8b465ee728b)
Start importing Assets/LDraw-Importer/Materials/Flesh.mat using Guid(462dce76e0b2af746be4379235d0f56f) Importer(815301076,1909f56bfc062723c751e8b465ee728b) (PreviewImporter) -> (artifact id: '0b48ed4365afc178f1d0baef44513470') in 0.0174432 seconds
Number of updated asset objects reloaded before import = 0Number of asset objects unloaded after import = 3

========================================================================
Received Import Request.
  Time since last request: 0.000018 seconds.
  path: Assets/LDraw-Importer/Materials/Glitter_Trans_Clear.mat
  artifactKey: Guid(5b1c13b73d0234b4f8a909fb2d7ee208) Importer(815301076,1909f56bfc062723c751e8b465ee728b)
Start importing Assets/LDraw-Importer/Materials/Glitter_Trans_Clear.mat using Guid(5b1c13b73d0234b4f8a909fb2d7ee208) Importer(815301076,1909f56bfc062723c751e8b465ee728b) (PreviewImporter) -> (artifact id: '88305709f64b71964f2f1214e3a7db12') in 0.0149353 seconds
Number of updated asset objects reloaded before import = 0Number of asset objects unloaded after import = 3

========================================================================
Received Import Request.
  Time since last request: 0.000013 seconds.
  path: Assets/LDraw-Importer/Materials/Glitter_Trans_Light_Blue.mat
  artifactKey: Guid(c379938c401df2b4d8f93e8315657445) Importer(815301076,1909f56bfc062723c751e8b465ee728b)
Start importing Assets/LDraw-Importer/Materials/Glitter_Trans_Light_Blue.mat using Guid(c379938c401df2b4d8f93e8315657445) Importer(815301076,1909f56bfc062723c751e8b465ee728b) (PreviewImporter) -> (artifact id: '14d8fcfd0c7851b5c41fe94d20103b5f') in 0.023657 seconds
Number of updated asset objects reloaded before import = 0Number of asset objects unloaded after import = 3

========================================================================
Received Import Request.
  Time since last request: 0.000015 seconds.
  path: Assets/LDraw-Importer/Materials/Glow_In_Dark_Opaque.mat
  artifactKey: Guid(edd55c0691e113c42b1d1d9ada26aa2d) Importer(815301076,1909f56bfc062723c751e8b465ee728b)
Start importing Assets/LDraw-Importer/Materials/Glow_In_Dark_Opaque.mat using Guid(edd55c0691e113c42b1d1d9ada26aa2d) Importer(815301076,1909f56bfc062723c751e8b465ee728b) (PreviewImporter) -> (artifact id: 'b5b99397212067bebfe371895fc56528') in 0.0138502 seconds
Number of updated asset objects reloaded before import = 0Number of asset objects unloaded after import = 3

========================================================================
Received Import Request.
  Time since last request: 0.000016 seconds.
  path: Assets/LDraw-Importer/Materials/Green.mat
  artifactKey: Guid(3c96c96a7f92bff4782fee36e0e988cd) Importer(815301076,1909f56bfc062723c751e8b465ee728b)
Start importing Assets/LDraw-Importer/Materials/Green.mat using Guid(3c96c96a7f92bff4782fee36e0e988cd) Importer(815301076,1909f56bfc062723c751e8b465ee728b) (PreviewImporter) -> (artifact id: '43c0e474b67742b21452acaf50262da8') in 0.0140326 seconds
Number of updated asset objects reloaded before import = 0Number of asset objects unloaded after import = 3

========================================================================
Received Import Request.
  Time since last request: 0.000020 seconds.
  path: Assets/LDraw-Importer/Materials/Light_Blue.mat
  artifactKey: Guid(aa972b32612e75c44835f9989a1f1450) Importer(815301076,1909f56bfc062723c751e8b465ee728b)
Start importing Assets/LDraw-Importer/Materials/Light_Blue.mat using Guid(aa972b32612e75c44835f9989a1f1450) Importer(815301076,1909f56bfc062723c751e8b465ee728b) (PreviewImporter) -> (artifact id: '6787df7b20f296e024819f4f40a0597a') in 0.0148738 seconds
Number of updated asset objects reloaded before import = 0Number of asset objects unloaded after import = 3

========================================================================
Received Import Request.
  Time since last request: 0.000015 seconds.
  path: Assets/LDraw-Importer/Materials/Light_Bluish_Grey.mat
  artifactKey: Guid(101a489e0db1af64da84086889fbc395) Importer(815301076,1909f56bfc062723c751e8b465ee728b)
Start importing Assets/LDraw-Importer/Materials/Light_Bluish_Grey.mat using Guid(101a489e0db1af64da84086889fbc395) Importer(815301076,1909f56bfc062723c751e8b465ee728b) (PreviewImporter) -> (artifact id: '84b3bd79cacdfbf2fac9091410dba92f') in 0.0152712 seconds
Number of updated asset objects reloaded before import = 0Number of asset objects unloaded after import = 3

========================================================================
Received Import Request.
  Time since last request: 0.000015 seconds.
  path: Assets/LDraw-Importer/Materials/Light_Green.mat
  artifactKey: Guid(55fa60f20db14054bb5a060e9637584e) Importer(815301076,1909f56bfc062723c751e8b465ee728b)
Start importing Assets/LDraw-Importer/Materials/Light_Green.mat using Guid(55fa60f20db14054bb5a060e9637584e) Importer(815301076,1909f56bfc062723c751e8b465ee728b) (PreviewImporter) -> (artifact id: '436fcdf92f179f9af8806d4e96f7b5f1') in 0.0150222 seconds
Number of updated asset objects reloaded before import = 0Number of asset objects unloaded after import = 3

========================================================================
Received Import Request.
  Time since last request: 0.000017 seconds.
  path: Assets/LDraw-Importer/Materials/Light_Pink.mat
  artifactKey: Guid(866488fa2d6353b46b60f4411254698f) Importer(815301076,1909f56bfc062723c751e8b465ee728b)
Start importing Assets/LDraw-Importer/Materials/Light_Pink.mat using Guid(866488fa2d6353b46b60f4411254698f) Importer(815301076,1909f56bfc062723c751e8b465ee728b) (PreviewImporter) -> (artifact id: '4341372a68069f5b457b52e913b128bd') in 0.0138017 seconds
Number of updated asset objects reloaded before import = 0Number of asset objects unloaded after import = 3

========================================================================
Received Import Request.
  Time since last request: 0.000013 seconds.
  path: Assets/LDraw-Importer/Materials/Light_Orange.mat
  artifactKey: Guid(91737676b7f26a04bb6909f7e2dba744) Importer(815301076,1909f56bfc062723c751e8b465ee728b)
Start importing Assets/LDraw-Importer/Materials/Light_Orange.mat using Guid(91737676b7f26a04bb6909f7e2dba744) Importer(815301076,1909f56bfc062723c751e8b465ee728b) (PreviewImporter) -> (artifact id: '318d08e138047152aea364ffab8a47b4') in 0.0139992 seconds
Number of updated asset objects reloaded before import = 0Number of asset objects unloaded after import = 3

========================================================================
Received Import Request.
  Time since last request: 0.000019 seconds.
  path: Assets/LDraw-Importer/Materials/Light_Turquoise.mat
  artifactKey: Guid(68d8d201e2c0a6348b232cfd5448b161) Importer(815301076,1909f56bfc062723c751e8b465ee728b)
Start importing Assets/LDraw-Importer/Materials/Light_Turquoise.mat using Guid(68d8d201e2c0a6348b232cfd5448b161) Importer(815301076,1909f56bfc062723c751e8b465ee728b) (PreviewImporter) -> (artifact id: '7191754063676915461deca32b8ab5d7') in 0.0162089 seconds
Number of updated asset objects reloaded before import = 0Number of asset objects unloaded after import = 3

========================================================================
Received Import Request.
  Time since last request: 0.000024 seconds.
  path: Assets/LDraw-Importer/Materials/Light_Yellow.mat
  artifactKey: Guid(9d52b2f117d50984a875a3348b74a640) Importer(815301076,1909f56bfc062723c751e8b465ee728b)
Start importing Assets/LDraw-Importer/Materials/Light_Yellow.mat using Guid(9d52b2f117d50984a875a3348b74a640) Importer(815301076,1909f56bfc062723c751e8b465ee728b) (PreviewImporter) -> (artifact id: 'e8ccc66f73028db311460582e1b280d4') in 0.0152585 seconds
Number of updated asset objects reloaded before import = 0Number of asset objects unloaded after import = 3

========================================================================
Received Import Request.
  Time since last request: 0.000016 seconds.
  path: Assets/LDraw-Importer/Materials/Magenta.mat
  artifactKey: Guid(7808ab55db4611240a5e63abdbd418bb) Importer(815301076,1909f56bfc062723c751e8b465ee728b)
Start importing Assets/LDraw-Importer/Materials/Magenta.mat using Guid(7808ab55db4611240a5e63abdbd418bb) Importer(815301076,1909f56bfc062723c751e8b465ee728b) (PreviewImporter) -> (artifact id: '3a6f467bf9f4a12d12b6ea0a2c06d842') in 0.0162433 seconds
Number of updated asset objects reloaded before import = 0Number of asset objects unloaded after import = 3

========================================================================
Received Import Request.
  Time since last request: 0.000022 seconds.
  path: Assets/LDraw-Importer/Materials/Magnet.mat
  artifactKey: Guid(7e2d9ba3c3c37b343af412650731a8c5) Importer(815301076,1909f56bfc062723c751e8b465ee728b)
Start importing Assets/LDraw-Importer/Materials/Magnet.mat using Guid(7e2d9ba3c3c37b343af412650731a8c5) Importer(815301076,1909f56bfc062723c751e8b465ee728b) (PreviewImporter) -> (artifact id: 'ca2dde64083f56020a33459217ffeb96') in 0.0156481 seconds
Number of updated asset objects reloaded before import = 0Number of asset objects unloaded after import = 3

========================================================================
Received Import Request.
  Time since last request: 0.000017 seconds.
  path: Assets/LDraw-Importer/Materials/Medium_Blue.mat
  artifactKey: Guid(f51fc0d4917c2114c85a1342efd31dfd) Importer(815301076,1909f56bfc062723c751e8b465ee728b)
Start importing Assets/LDraw-Importer/Materials/Medium_Blue.mat using Guid(f51fc0d4917c2114c85a1342efd31dfd) Importer(815301076,1909f56bfc062723c751e8b465ee728b) (PreviewImporter) -> (artifact id: '9c94fbbdca1ad7c7721b16460a4e2009') in 0.0140529 seconds
Number of updated asset objects reloaded before import = 0Number of asset objects unloaded after import = 3

========================================================================
Received Import Request.
  Time since last request: 0.000014 seconds.
  path: Assets/LDraw-Importer/Materials/Medium_Dark_Pink.mat
  artifactKey: Guid(5d8fb0318dd9f864d939189f62438811) Importer(815301076,1909f56bfc062723c751e8b465ee728b)
Start importing Assets/LDraw-Importer/Materials/Medium_Dark_Pink.mat using Guid(5d8fb0318dd9f864d939189f62438811) Importer(815301076,1909f56bfc062723c751e8b465ee728b) (PreviewImporter) -> (artifact id: '9613fb958fc48d778e20d6cd7faf31ca') in 0.0146315 seconds
Number of updated asset objects reloaded before import = 0Number of asset objects unloaded after import = 3

========================================================================
Received Import Request.
  Time since last request: 0.000016 seconds.
  path: Assets/LDraw-Importer/Materials/Medium_Lilac.mat
  artifactKey: Guid(380b94018a60785418891740c946f978) Importer(815301076,1909f56bfc062723c751e8b465ee728b)
Start importing Assets/LDraw-Importer/Materials/Medium_Lilac.mat using Guid(380b94018a60785418891740c946f978) Importer(815301076,1909f56bfc062723c751e8b465ee728b) (PreviewImporter) -> (artifact id: 'e0c58cfcdd23fa039fc417caca1cc772') in 0.0147584 seconds
Number of updated asset objects reloaded before import = 0Number of asset objects unloaded after import = 3

========================================================================
Received Import Request.
  Time since last request: 0.000015 seconds.
  path: Assets/LDraw-Importer/Materials/Medium_Lavender.mat
  artifactKey: Guid(17b09442db9ec614ea773b6e5ad785fb) Importer(815301076,1909f56bfc062723c751e8b465ee728b)
Start importing Assets/LDraw-Importer/Materials/Medium_Lavender.mat using Guid(17b09442db9ec614ea773b6e5ad785fb) Importer(815301076,1909f56bfc062723c751e8b465ee728b) (PreviewImporter) -> (artifact id: '64a665870903aab86c3242dc70d64c05') in 0.0147333 seconds
Number of updated asset objects reloaded before import = 0Number of asset objects unloaded after import = 3

========================================================================
Received Import Request.
  Time since last request: 0.000012 seconds.
  path: Assets/LDraw-Importer/Materials/Medium_Violet.mat
  artifactKey: Guid(e877a3400eb19d94380e17232e527458) Importer(815301076,1909f56bfc062723c751e8b465ee728b)
Start importing Assets/LDraw-Importer/Materials/Medium_Violet.mat using Guid(e877a3400eb19d94380e17232e527458) Importer(815301076,1909f56bfc062723c751e8b465ee728b) (PreviewImporter) -> (artifact id: '96e7febc26e0fac996984771757bb85f') in 0.0146858 seconds
Number of updated asset objects reloaded before import = 0Number of asset objects unloaded after import = 3

========================================================================
Received Import Request.
  Time since last request: 0.000017 seconds.
  path: Assets/LDraw-Importer/Materials/Medium_Orange.mat
  artifactKey: Guid(176b244631a8e674f80aa18cb206003d) Importer(815301076,1909f56bfc062723c751e8b465ee728b)
Start importing Assets/LDraw-Importer/Materials/Medium_Orange.mat using Guid(176b244631a8e674f80aa18cb206003d) Importer(815301076,1909f56bfc062723c751e8b465ee728b) (PreviewImporter) -> (artifact id: '8fe5746e0621dc1dcf6af54049da51fb') in 0.0144317 seconds
Number of updated asset objects reloaded before import = 0Number of asset objects unloaded after import = 3

========================================================================
Received Import Request.
  Time since last request: 0.000016 seconds.
  path: Assets/LDraw-Importer/Materials/Metallic_Dark_Green.mat
  artifactKey: Guid(757c2f886990d2841bad5d2bf2da1284) Importer(815301076,1909f56bfc062723c751e8b465ee728b)
Start importing Assets/LDraw-Importer/Materials/Metallic_Dark_Green.mat using Guid(757c2f886990d2841bad5d2bf2da1284) Importer(815301076,1909f56bfc062723c751e8b465ee728b) (PreviewImporter) -> (artifact id: 'c6863cfbac6ca0d3111588a2631d031c') in 0.013748 seconds
Number of updated asset objects reloaded before import = 0Number of asset objects unloaded after import = 3

========================================================================
Received Import Request.
  Time since last request: 0.000016 seconds.
  path: Assets/LDraw-Importer/Materials/Metallic_Dark_Grey.mat
  artifactKey: Guid(638642c21c2eed9408140e179b2b97ad) Importer(815301076,1909f56bfc062723c751e8b465ee728b)
Start importing Assets/LDraw-Importer/Materials/Metallic_Dark_Grey.mat using Guid(638642c21c2eed9408140e179b2b97ad) Importer(815301076,1909f56bfc062723c751e8b465ee728b) (PreviewImporter) -> (artifact id: 'd5802efb2eca8ca470c1c237a0da77f3') in 0.0136977 seconds
Number of updated asset objects reloaded before import = 0Number of asset objects unloaded after import = 3

========================================================================
Received Import Request.
  Time since last request: 0.000015 seconds.
  path: Assets/LDraw-Importer/Materials/Metallic_Silver.mat
  artifactKey: Guid(61b99f25149d82647928583da0e5241c) Importer(815301076,1909f56bfc062723c751e8b465ee728b)
Start importing Assets/LDraw-Importer/Materials/Metallic_Silver.mat using Guid(61b99f25149d82647928583da0e5241c) Importer(815301076,1909f56bfc062723c751e8b465ee728b) (PreviewImporter) -> (artifact id: '4bbf24d43fe1e3fc3cacca9e617626a5') in 0.0147988 seconds
Number of updated asset objects reloaded before import = 0Number of asset objects unloaded after import = 3

========================================================================
Received Import Request.
  Time since last request: 0.000015 seconds.
  path: Assets/LDraw-Importer/Materials/Olive_Green.mat
  artifactKey: Guid(228eea795feed90499794c58d40a6d35) Importer(815301076,1909f56bfc062723c751e8b465ee728b)
Start importing Assets/LDraw-Importer/Materials/Olive_Green.mat using Guid(228eea795feed90499794c58d40a6d35) Importer(815301076,1909f56bfc062723c751e8b465ee728b) (PreviewImporter) -> (artifact id: 'eeb19947a67dbf31abba638bdbca2220') in 0.0151578 seconds
Number of updated asset objects reloaded before import = 0Number of asset objects unloaded after import = 3

========================================================================
Received Import Request.
  Time since last request: 0.000018 seconds.
  path: Assets/LDraw-Importer/Materials/Pearl_Dark_Grey.mat
  artifactKey: Guid(d5b40c45d8a2fa1478d9cc42edcda161) Importer(815301076,1909f56bfc062723c751e8b465ee728b)
Start importing Assets/LDraw-Importer/Materials/Pearl_Dark_Grey.mat using Guid(d5b40c45d8a2fa1478d9cc42edcda161) Importer(815301076,1909f56bfc062723c751e8b465ee728b) (PreviewImporter) -> (artifact id: '523d4cabbf26da80c10b9c8ca71fe2c7') in 0.0154173 seconds
Number of updated asset objects reloaded before import = 0Number of asset objects unloaded after import = 3

========================================================================
Received Import Request.
  Time since last request: 0.000017 seconds.
  path: Assets/LDraw-Importer/Materials/Pearl_Light_Gold.mat
  artifactKey: Guid(cc2042dbb1cad5e44aea6f74479f180b) Importer(815301076,1909f56bfc062723c751e8b465ee728b)
Start importing Assets/LDraw-Importer/Materials/Pearl_Light_Gold.mat using Guid(cc2042dbb1cad5e44aea6f74479f180b) Importer(815301076,1909f56bfc062723c751e8b465ee728b) (PreviewImporter) -> (artifact id: 'c69b31d64a5ce90d9b1dfb9909e4439d') in 0.0148214 seconds
Number of updated asset objects reloaded before import = 0Number of asset objects unloaded after import = 3

========================================================================
Received Import Request.
  Time since last request: 0.000025 seconds.
  path: Assets/LDraw-Importer/Materials/Pearl_Very_Light_Grey.mat
  artifactKey: Guid(1bf8c30331528d94bb878c9f95956276) Importer(815301076,1909f56bfc062723c751e8b465ee728b)
Start importing Assets/LDraw-Importer/Materials/Pearl_Very_Light_Grey.mat using Guid(1bf8c30331528d94bb878c9f95956276) Importer(815301076,1909f56bfc062723c751e8b465ee728b) (PreviewImporter) -> (artifact id: 'e83807839a85df10102cceb3c2fb5b60') in 0.0145109 seconds
Number of updated asset objects reloaded before import = 0Number of asset objects unloaded after import = 3

========================================================================
Received Import Request.
  Time since last request: 0.000017 seconds.
  path: Assets/LDraw-Importer/Materials/Pearl_White.mat
  artifactKey: Guid(44b39e0c1a8d188439023c10b2e0619a) Importer(815301076,1909f56bfc062723c751e8b465ee728b)
Start importing Assets/LDraw-Importer/Materials/Pearl_White.mat using Guid(44b39e0c1a8d188439023c10b2e0619a) Importer(815301076,1909f56bfc062723c751e8b465ee728b) (PreviewImporter) -> (artifact id: 'a84dc0128d1191bff92bdf8fdd538dda') in 0.0136176 seconds
Number of updated asset objects reloaded before import = 0Number of asset objects unloaded after import = 3

========================================================================
Received Import Request.
  Time since last request: 0.000017 seconds.
  path: Assets/LDraw-Importer/Materials/Purple.mat
  artifactKey: Guid(25385f6ed05559f4d9051798fc39290e) Importer(815301076,1909f56bfc062723c751e8b465ee728b)
Start importing Assets/LDraw-Importer/Materials/Purple.mat using Guid(25385f6ed05559f4d9051798fc39290e) Importer(815301076,1909f56bfc062723c751e8b465ee728b) (PreviewImporter) -> (artifact id: 'ec4b056974af2598dee56f5068f32819') in 0.0135857 seconds
Number of updated asset objects reloaded before import = 0Number of asset objects unloaded after import = 3

========================================================================
Received Import Request.
  Time since last request: 0.000014 seconds.
  path: Assets/LDraw-Importer/Materials/Light_Aqua.mat
  artifactKey: Guid(2da30c4ec7582314bb936b12a6897f52) Importer(815301076,1909f56bfc062723c751e8b465ee728b)
Start importing Assets/LDraw-Importer/Materials/Light_Aqua.mat using Guid(2da30c4ec7582314bb936b12a6897f52) Importer(815301076,1909f56bfc062723c751e8b465ee728b) (PreviewImporter) -> (artifact id: '17cf3181b61127b38463740ffff27e64') in 0.0647941 seconds
Number of updated asset objects reloaded before import = 0Number of asset objects unloaded after import = 3

========================================================================
Received Import Request.
  Time since last request: 0.000015 seconds.
  path: Assets/LDraw-Importer/Materials/Rubber_Dark_Blue.mat
  artifactKey: Guid(341d018b224dd0a498a57ae28dd5b080) Importer(815301076,1909f56bfc062723c751e8b465ee728b)
Start importing Assets/LDraw-Importer/Materials/Rubber_Dark_Blue.mat using Guid(341d018b224dd0a498a57ae28dd5b080) Importer(815301076,1909f56bfc062723c751e8b465ee728b) (PreviewImporter) -> (artifact id: '6738db0651fa209a2642af23ad0acc46') in 0.0151604 seconds
Number of updated asset objects reloaded before import = 0Number of asset objects unloaded after import = 3

========================================================================
Received Import Request.
  Time since last request: 0.000016 seconds.
  path: Assets/LDraw-Importer/Materials/Rubber_Black.mat
  artifactKey: Guid(1499e026cb33cc74fac67fe0a218968b) Importer(815301076,1909f56bfc062723c751e8b465ee728b)
Start importing Assets/LDraw-Importer/Materials/Rubber_Black.mat using Guid(1499e026cb33cc74fac67fe0a218968b) Importer(815301076,1909f56bfc062723c751e8b465ee728b) (PreviewImporter) -> (artifact id: '189919242206400bd0630c5d90889585') in 0.014477 seconds
Number of updated asset objects reloaded before import = 0Number of asset objects unloaded after import = 3

========================================================================
Received Import Request.
  Time since last request: 0.000013 seconds.
  path: Assets/LDraw-Importer/Materials/Rubber_Light_Grey.mat
  artifactKey: Guid(fd7a6ecd79533bc418311baea89f7706) Importer(815301076,1909f56bfc062723c751e8b465ee728b)
Start importing Assets/LDraw-Importer/Materials/Rubber_Light_Grey.mat using Guid(fd7a6ecd79533bc418311baea89f7706) Importer(815301076,1909f56bfc062723c751e8b465ee728b) (PreviewImporter) -> (artifact id: 'b5923efa14a7c1e125ac958c476388fd') in 0.0143835 seconds
Number of updated asset objects reloaded before import = 0Number of asset objects unloaded after import = 3

========================================================================
Received Import Request.
  Time since last request: 0.000016 seconds.
  path: Assets/LDraw-Importer/Materials/Rubber_Orange.mat
  artifactKey: Guid(6b3cea7cc29aece419901a0c20010c76) Importer(815301076,1909f56bfc062723c751e8b465ee728b)
Start importing Assets/LDraw-Importer/Materials/Rubber_Orange.mat using Guid(6b3cea7cc29aece419901a0c20010c76) Importer(815301076,1909f56bfc062723c751e8b465ee728b) (PreviewImporter) -> (artifact id: '3da78b0db0a0daea52bdf881e30fbd11') in 0.013378 seconds
Number of updated asset objects reloaded before import = 0Number of asset objects unloaded after import = 3

========================================================================
Received Import Request.
  Time since last request: 0.000016 seconds.
  path: Assets/LDraw-Importer/Materials/Rubber_Trans_Clear.mat
  artifactKey: Guid(8fa2073d6cf4ecb43819cb2dd0c75e48) Importer(815301076,1909f56bfc062723c751e8b465ee728b)
Start importing Assets/LDraw-Importer/Materials/Rubber_Trans_Clear.mat using Guid(8fa2073d6cf4ecb43819cb2dd0c75e48) Importer(815301076,1909f56bfc062723c751e8b465ee728b) (PreviewImporter) -> (artifact id: '1af0c124e0cd60cb568129e846acb897') in 0.013496 seconds
Number of updated asset objects reloaded before import = 0Number of asset objects unloaded after import = 3

========================================================================
Received Import Request.
  Time since last request: 0.000018 seconds.
  path: Assets/LDraw-Importer/Materials/Rubber_White.mat
  artifactKey: Guid(fa62b6d01766adf4cbadac62ce831074) Importer(815301076,1909f56bfc062723c751e8b465ee728b)
Start importing Assets/LDraw-Importer/Materials/Rubber_White.mat using Guid(fa62b6d01766adf4cbadac62ce831074) Importer(815301076,1909f56bfc062723c751e8b465ee728b) (PreviewImporter) -> (artifact id: 'bc4ac52d3340c06e55dd4ffde8a56a04') in 0.0143466 seconds
Number of updated asset objects reloaded before import = 0Number of asset objects unloaded after import = 3

========================================================================
Received Import Request.
  Time since last request: 0.000022 seconds.
  path: Assets/LDraw-Importer/Materials/Rubber_Light_Bluish_Grey.mat
  artifactKey: Guid(7eadc52f829d69942bf2c19dff8b652a) Importer(815301076,1909f56bfc062723c751e8b465ee728b)
Start importing Assets/LDraw-Importer/Materials/Rubber_Light_Bluish_Grey.mat using Guid(7eadc52f829d69942bf2c19dff8b652a) Importer(815301076,1909f56bfc062723c751e8b465ee728b) (PreviewImporter) -> (artifact id: '9a580de8c66eba9fa6f40a4e1fb86603') in 0.0141256 seconds
Number of updated asset objects reloaded before import = 0Number of asset objects unloaded after import = 3

========================================================================
Received Import Request.
  Time since last request: 0.000016 seconds.
  path: Assets/LDraw-Importer/Materials/Milky_White.mat
  artifactKey: Guid(0385d5fb9095ed24e9b6b1d539fa781b) Importer(815301076,1909f56bfc062723c751e8b465ee728b)
Start importing Assets/LDraw-Importer/Materials/Milky_White.mat using Guid(0385d5fb9095ed24e9b6b1d539fa781b) Importer(815301076,1909f56bfc062723c751e8b465ee728b) (PreviewImporter) -> (artifact id: '0aa409c486bdeafc59c910a01ec0724d') in 0.0148487 seconds
Number of updated asset objects reloaded before import = 0Number of asset objects unloaded after import = 3

========================================================================
Received Import Request.
  Time since last request: 0.000018 seconds.
  path: Assets/LDraw-Importer/Materials/Sand_Purple.mat
  artifactKey: Guid(bd003afa6e73e764880e188fb9e54160) Importer(815301076,1909f56bfc062723c751e8b465ee728b)
Start importing Assets/LDraw-Importer/Materials/Sand_Purple.mat using Guid(bd003afa6e73e764880e188fb9e54160) Importer(815301076,1909f56bfc062723c751e8b465ee728b) (PreviewImporter) -> (artifact id: '355ff8dfd8ee757b5056b456c3f177db') in 0.0134304 seconds
Number of updated asset objects reloaded before import = 0Number of asset objects unloaded after import = 3

========================================================================
Received Import Request.
  Time since last request: 0.000019 seconds.
  path: Assets/LDraw-Importer/Materials/Sand_Red.mat
  artifactKey: Guid(c614d75b1dcbaa04ba33787e410c221d) Importer(815301076,1909f56bfc062723c751e8b465ee728b)
Start importing Assets/LDraw-Importer/Materials/Sand_Red.mat using Guid(c614d75b1dcbaa04ba33787e410c221d) Importer(815301076,1909f56bfc062723c751e8b465ee728b) (PreviewImporter) -> (artifact id: '15af8c929a2561334ee9551c82cc7b63') in 0.0154095 seconds
Number of updated asset objects reloaded before import = 0Number of asset objects unloaded after import = 3

========================================================================
Received Import Request.
  Time since last request: 0.000015 seconds.
  path: Assets/LDraw-Importer/Materials/Speckle_Black_Gold.mat
  artifactKey: Guid(c11fb0d084ecddb4a9eee245ceec9034) Importer(815301076,1909f56bfc062723c751e8b465ee728b)
Start importing Assets/LDraw-Importer/Materials/Speckle_Black_Gold.mat using Guid(c11fb0d084ecddb4a9eee245ceec9034) Importer(815301076,1909f56bfc062723c751e8b465ee728b) (PreviewImporter) -> (artifact id: '0fe7107d50b5361ed0f49714fcce4010') in 0.0130013 seconds
Number of updated asset objects reloaded before import = 0Number of asset objects unloaded after import = 3

========================================================================
Received Import Request.
  Time since last request: 0.000017 seconds.
  path: Assets/LDraw-Importer/Materials/Tan.mat
  artifactKey: Guid(c961182ebac39234d932b9e624e306b9) Importer(815301076,1909f56bfc062723c751e8b465ee728b)
Start importing Assets/LDraw-Importer/Materials/Tan.mat using Guid(c961182ebac39234d932b9e624e306b9) Importer(815301076,1909f56bfc062723c751e8b465ee728b) (PreviewImporter) -> (artifact id: '8eaf7d471723c6086a71c618279c55e7') in 0.0146351 seconds
Number of updated asset objects reloaded before import = 0Number of asset objects unloaded after import = 3

========================================================================
Received Import Request.
  Time since last request: 0.000017 seconds.
  path: Assets/LDraw-Importer/Materials/Speckle_Dark_Bluish_Grey_Silver.mat
  artifactKey: Guid(c266e363a4f1b4642ad2a8c1487048bc) Importer(815301076,1909f56bfc062723c751e8b465ee728b)
Start importing Assets/LDraw-Importer/Materials/Speckle_Dark_Bluish_Grey_Silver.mat using Guid(c266e363a4f1b4642ad2a8c1487048bc) Importer(815301076,1909f56bfc062723c751e8b465ee728b) (PreviewImporter) -> (artifact id: 'c19662651d24ac9ed5aea58f46414c1b') in 0.0154796 seconds
Number of updated asset objects reloaded before import = 0Number of asset objects unloaded after import = 3

========================================================================
Received Import Request.
  Time since last request: 0.000019 seconds.
  path: Assets/LDraw-Importer/Materials/Trans_Bright_Green.mat
  artifactKey: Guid(6877857ec4a19bc4bab64749e97e0bc4) Importer(815301076,1909f56bfc062723c751e8b465ee728b)
Start importing Assets/LDraw-Importer/Materials/Trans_Bright_Green.mat using Guid(6877857ec4a19bc4bab64749e97e0bc4) Importer(815301076,1909f56bfc062723c751e8b465ee728b) (PreviewImporter) -> (artifact id: '90a058feb7fbdec30f17f8772f3bdd5c') in 0.0146766 seconds
Number of updated asset objects reloaded before import = 0Number of asset objects unloaded after import = 3

========================================================================
Received Import Request.
  Time since last request: 0.000014 seconds.
  path: Assets/LDraw-Importer/Materials/Trans_Bright_Reddish_Lilac.mat
  artifactKey: Guid(7475ff05902c40b4d9cbdb7f89c45f8a) Importer(815301076,1909f56bfc062723c751e8b465ee728b)
Start importing Assets/LDraw-Importer/Materials/Trans_Bright_Reddish_Lilac.mat using Guid(7475ff05902c40b4d9cbdb7f89c45f8a) Importer(815301076,1909f56bfc062723c751e8b465ee728b) (PreviewImporter) -> (artifact id: '8fd80be8a2c552935be5dea3f66667c9') in 0.0153564 seconds
Number of updated asset objects reloaded before import = 0Number of asset objects unloaded after import = 3

========================================================================
Received Import Request.
  Time since last request: 0.000014 seconds.
  path: Assets/LDraw-Importer/Materials/Trans_Dark_Blue.mat
  artifactKey: Guid(4670f25f377687140a397cd0dfda87c6) Importer(815301076,1909f56bfc062723c751e8b465ee728b)
Start importing Assets/LDraw-Importer/Materials/Trans_Dark_Blue.mat using Guid(4670f25f377687140a397cd0dfda87c6) Importer(815301076,1909f56bfc062723c751e8b465ee728b) (PreviewImporter) -> (artifact id: 'd04b0214815223c5a0c72e2dd1299d78') in 0.0142486 seconds
Number of updated asset objects reloaded before import = 0Number of asset objects unloaded after import = 3

========================================================================
Received Import Request.
  Time since last request: 0.000013 seconds.
  path: Assets/LDraw-Importer/Materials/Trans_Fire_Yellow.mat
  artifactKey: Guid(1fed23b891c6cb54a8d9ee6174d7ef8d) Importer(815301076,1909f56bfc062723c751e8b465ee728b)
Start importing Assets/LDraw-Importer/Materials/Trans_Fire_Yellow.mat using Guid(1fed23b891c6cb54a8d9ee6174d7ef8d) Importer(815301076,1909f56bfc062723c751e8b465ee728b) (PreviewImporter) -> (artifact id: '6631e7cd5b71ec357573eae66e62bedb') in 0.0137003 seconds
Number of updated asset objects reloaded before import = 0Number of asset objects unloaded after import = 3

========================================================================
Received Import Request.
  Time since last request: 0.000014 seconds.
  path: Assets/LDraw-Importer/Materials/Trans_Light_Blue.mat
  artifactKey: Guid(01f063afc0ce7464a95f9b44b7c36748) Importer(815301076,1909f56bfc062723c751e8b465ee728b)
Start importing Assets/LDraw-Importer/Materials/Trans_Light_Blue.mat using Guid(01f063afc0ce7464a95f9b44b7c36748) Importer(815301076,1909f56bfc062723c751e8b465ee728b) (PreviewImporter) -> (artifact id: 'ec19792fafec8b5b6a47cb3c749f76f6') in 0.0148361 seconds
Number of updated asset objects reloaded before import = 0Number of asset objects unloaded after import = 3

========================================================================
Received Import Request.
  Time since last request: 0.000021 seconds.
  path: Assets/LDraw-Importer/Materials/Trans_Light_Green.mat
  artifactKey: Guid(7c11a11767e50b74f81d409965b45608) Importer(815301076,1909f56bfc062723c751e8b465ee728b)
Start importing Assets/LDraw-Importer/Materials/Trans_Light_Green.mat using Guid(7c11a11767e50b74f81d409965b45608) Importer(815301076,1909f56bfc062723c751e8b465ee728b) (PreviewImporter) -> (artifact id: '2a0b45aa4a2d30f3bdcb07bb8eaabb0a') in 0.0151369 seconds
Number of updated asset objects reloaded before import = 0Number of asset objects unloaded after import = 3

========================================================================
Received Import Request.
  Time since last request: 0.000017 seconds.
  path: Assets/LDraw-Importer/Materials/Trans_Neon_Green.mat
  artifactKey: Guid(830691d9f7fe95e4eb42abe60abbc8eb) Importer(815301076,1909f56bfc062723c751e8b465ee728b)
Start importing Assets/LDraw-Importer/Materials/Trans_Neon_Green.mat using Guid(830691d9f7fe95e4eb42abe60abbc8eb) Importer(815301076,1909f56bfc062723c751e8b465ee728b) (PreviewImporter) -> (artifact id: 'c9d435e49d8bc74e669ce115833d09a9') in 0.013967 seconds
Number of updated asset objects reloaded before import = 0Number of asset objects unloaded after import = 3

========================================================================
Received Import Request.
  Time since last request: 0.000018 seconds.
  path: Assets/LDraw-Importer/Materials/Trans_Neon_Yellow.mat
  artifactKey: Guid(5d6d19e79de452a4e8ca0dc72a774875) Importer(815301076,1909f56bfc062723c751e8b465ee728b)
Start importing Assets/LDraw-Importer/Materials/Trans_Neon_Yellow.mat using Guid(5d6d19e79de452a4e8ca0dc72a774875) Importer(815301076,1909f56bfc062723c751e8b465ee728b) (PreviewImporter) -> (artifact id: '53ce7df39d6d425dfd7bdfc06fab6224') in 0.015914 seconds
Number of updated asset objects reloaded before import = 0Number of asset objects unloaded after import = 3

========================================================================
Received Import Request.
  Time since last request: 0.000020 seconds.
  path: Assets/LDraw-Importer/Materials/Trans_Pink.mat
  artifactKey: Guid(9f6eb574653f785409dbc2779414a395) Importer(815301076,1909f56bfc062723c751e8b465ee728b)
Start importing Assets/LDraw-Importer/Materials/Trans_Pink.mat using Guid(9f6eb574653f785409dbc2779414a395) Importer(815301076,1909f56bfc062723c751e8b465ee728b) (PreviewImporter) -> (artifact id: '93347d04b77fe4e56f95bf7da2c050a1') in 0.0184462 seconds
Number of updated asset objects reloaded before import = 0Number of asset objects unloaded after import = 3

========================================================================
Received Import Request.
  Time since last request: 0.000022 seconds.
  path: Assets/LDraw-Importer/Materials/Trans_Purple.mat
  artifactKey: Guid(1e642c88d127a934a82a333c9f0d4401) Importer(815301076,1909f56bfc062723c751e8b465ee728b)
Start importing Assets/LDraw-Importer/Materials/Trans_Purple.mat using Guid(1e642c88d127a934a82a333c9f0d4401) Importer(815301076,1909f56bfc062723c751e8b465ee728b) (PreviewImporter) -> (artifact id: '215bb7b252468f75b267923d973785e1') in 0.0180957 seconds
Number of updated asset objects reloaded before import = 0Number of asset objects unloaded after import = 3

========================================================================
Received Import Request.
  Time since last request: 0.000021 seconds.
  path: Assets/LDraw-Importer/Materials/Red.mat
  artifactKey: Guid(dc128da37257dfb4dbffc044eb5816cb) Importer(815301076,1909f56bfc062723c751e8b465ee728b)
Start importing Assets/LDraw-Importer/Materials/Red.mat using Guid(dc128da37257dfb4dbffc044eb5816cb) Importer(815301076,1909f56bfc062723c751e8b465ee728b) (PreviewImporter) -> (artifact id: '1227993e26a08765b585943126f1a530') in 0.0155027 seconds
Number of updated asset objects reloaded before import = 0Number of asset objects unloaded after import = 3

========================================================================
Received Import Request.
  Time since last request: 0.000017 seconds.
  path: Assets/LDraw-Importer/Materials/Flamingo_Pink.mat
  artifactKey: Guid(bce83ba8ce1b4cc4cb8cc5a07b64fcb2) Importer(815301076,1909f56bfc062723c751e8b465ee728b)
Start importing Assets/LDraw-Importer/Materials/Flamingo_Pink.mat using Guid(bce83ba8ce1b4cc4cb8cc5a07b64fcb2) Importer(815301076,1909f56bfc062723c751e8b465ee728b) (PreviewImporter) -> (artifact id: '07fe72411c1ab994351eed26c9b738b0') in 0.0172321 seconds
Number of updated asset objects reloaded before import = 0Number of asset objects unloaded after import = 3

========================================================================
Received Import Request.
  Time since last request: 0.000017 seconds.
  path: Assets/LDraw-Importer/Materials/Salmon.mat
  artifactKey: Guid(86212ef8f62fb62459126a69de768998) Importer(815301076,1909f56bfc062723c751e8b465ee728b)
Start importing Assets/LDraw-Importer/Materials/Salmon.mat using Guid(86212ef8f62fb62459126a69de768998) Importer(815301076,1909f56bfc062723c751e8b465ee728b) (PreviewImporter) -> (artifact id: 'be451a3d8db703c63c5cd576660d929f') in 0.0176704 seconds
Number of updated asset objects reloaded before import = 0Number of asset objects unloaded after import = 3

========================================================================
Received Import Request.
  Time since last request: 0.000014 seconds.
  path: Assets/LDraw-Importer/Materials/Dark_Green.mat
  artifactKey: Guid(fc8fb58a12c7bce489297ce66ca7c080) Importer(815301076,1909f56bfc062723c751e8b465ee728b)
Start importing Assets/LDraw-Importer/Materials/Dark_Green.mat using Guid(fc8fb58a12c7bce489297ce66ca7c080) Importer(815301076,1909f56bfc062723c751e8b465ee728b) (PreviewImporter) -> (artifact id: '3797b94428770aef785611b72488dcd0') in 0.0182269 seconds
Number of updated asset objects reloaded before import = 0Number of asset objects unloaded after import = 3

========================================================================
Received Import Request.
  Time since last request: 0.914536 seconds.
  path: Assets/LDraw-Importer/Materials/Trans_Reddish_Lilac.mat
  artifactKey: Guid(56a968cf65726b6428ce16a208a2546a) Importer(815301076,1909f56bfc062723c751e8b465ee728b)
Start importing Assets/LDraw-Importer/Materials/Trans_Reddish_Lilac.mat using Guid(56a968cf65726b6428ce16a208a2546a) Importer(815301076,1909f56bfc062723c751e8b465ee728b) (PreviewImporter) -> (artifact id: '88304eb53158b0e501285470c7c24bc5') in 0.0146646 seconds
Number of updated asset objects reloaded before import = 0Number of asset objects unloaded after import = 3

========================================================================
Received Import Request.
  Time since last request: 0.000015 seconds.
  path: Assets/LDraw-Importer/Materials/Trans_Yellow.mat
  artifactKey: Guid(2ea41550c47c263408796de5b8234d16) Importer(815301076,1909f56bfc062723c751e8b465ee728b)
Start importing Assets/LDraw-Importer/Materials/Trans_Yellow.mat using Guid(2ea41550c47c263408796de5b8234d16) Importer(815301076,1909f56bfc062723c751e8b465ee728b) (PreviewImporter) -> (artifact id: '71500dae7199308c9e4fc30828dd99a9') in 0.0165262 seconds
Number of updated asset objects reloaded before import = 0Number of asset objects unloaded after import = 3

========================================================================
Received Import Request.
  Time since last request: 0.000017 seconds.
  path: Assets/LDraw-Importer/Materials/Very_Light_Grey.mat
  artifactKey: Guid(9c8087a166932c34b9fdf90efda48ba6) Importer(815301076,1909f56bfc062723c751e8b465ee728b)
Start importing Assets/LDraw-Importer/Materials/Very_Light_Grey.mat using Guid(9c8087a166932c34b9fdf90efda48ba6) Importer(815301076,1909f56bfc062723c751e8b465ee728b) (PreviewImporter) -> (artifact id: '8464053d2ac049a7b0af21c5076b819a') in 0.0165194 seconds
Number of updated asset objects reloaded before import = 0Number of asset objects unloaded after import = 3

========================================================================
Received Import Request.
  Time since last request: 0.000032 seconds.
  path: Assets/LDraw-Importer/Materials/White.mat
  artifactKey: Guid(b700c0d6a3c2ea74a93fac79733e55d1) Importer(815301076,1909f56bfc062723c751e8b465ee728b)
Start importing Assets/LDraw-Importer/Materials/White.mat using Guid(b700c0d6a3c2ea74a93fac79733e55d1) Importer(815301076,1909f56bfc062723c751e8b465ee728b) (PreviewImporter) -> (artifact id: 'ff2c022aaec4b50ddbfd5066172ffb1a') in 0.0215793 seconds
Number of updated asset objects reloaded before import = 0Number of asset objects unloaded after import = 3

========================================================================
Received Import Request.
  Time since last request: 0.000020 seconds.
  path: Assets/LDraw-Importer/Materials/Yellowish_Green.mat
  artifactKey: Guid(e1c3620f25199c9428718b0a208b2924) Importer(815301076,1909f56bfc062723c751e8b465ee728b)
Start importing Assets/LDraw-Importer/Materials/Yellowish_Green.mat using Guid(e1c3620f25199c9428718b0a208b2924) Importer(815301076,1909f56bfc062723c751e8b465ee728b) (PreviewImporter) -> (artifact id: '06ac5b065b9bab16329a7b57e3052512') in 0.0153157 seconds
Number of updated asset objects reloaded before import = 0Number of asset objects unloaded after import = 3

