Using pre-set license
Built from '6000.0/staging' branch; Version is '6000.0.34f1 (5ab2d9ed9190) revision 5944025'; Using compiler version '193933523'; Build Type 'Release'
OS: 'Windows 11  (10.0.22631) 64bit Core' Language: 'fr' Physical Memory: 32649 MB
BatchMode: 1, IsHumanControllingUs: 0, StartBugReporterOnCrash: 0, Is64bit: 1, IsPro: 1

COMMAND LINE ARGUMENTS:
C:\Program Files\Unity\Hub\Editor\6000.0.34f1\Editor\Unity.exe
-adb2
-batchMode
-noUpm
-name
AssetImportWorker0
-projectPath
C:/Users/Nathan MOREL/Documents/LDraw_Importer_Unity
-logFile
Logs/AssetImportWorker0.log
-srvPort
8888
-job-worker-count
5
-background-job-worker-count
8
-gc-helper-count
1
Successfully changed project path to: C:/Users/Nathan MOREL/Documents/LDraw_Importer_Unity
C:/Users/Nathan MOREL/Documents/LDraw_Importer_Unity
[UnityMemory] Configuration Parameters - Can be set up in boot.config
    "memorysetup-bucket-allocator-granularity=16"
    "memorysetup-bucket-allocator-bucket-count=8"
    "memorysetup-bucket-allocator-block-size=33554432"
    "memorysetup-bucket-allocator-block-count=8"
    "memorysetup-main-allocator-block-size=16777216"
    "memorysetup-thread-allocator-block-size=16777216"
    "memorysetup-gfx-main-allocator-block-size=16777216"
    "memorysetup-gfx-thread-allocator-block-size=16777216"
    "memorysetup-cache-allocator-block-size=4194304"
    "memorysetup-typetree-allocator-block-size=2097152"
    "memorysetup-profiler-bucket-allocator-granularity=16"
    "memorysetup-profiler-bucket-allocator-bucket-count=8"
    "memorysetup-profiler-bucket-allocator-block-size=33554432"
    "memorysetup-profiler-bucket-allocator-block-count=8"
    "memorysetup-profiler-allocator-block-size=16777216"
    "memorysetup-profiler-editor-allocator-block-size=1048576"
    "memorysetup-temp-allocator-size-main=16777216"
    "memorysetup-job-temp-allocator-block-size=2097152"
    "memorysetup-job-temp-allocator-block-size-background=1048576"
    "memorysetup-job-temp-allocator-reduction-small-platforms=262144"
    "memorysetup-allocator-temp-initial-block-size-main=262144"
    "memorysetup-allocator-temp-initial-block-size-worker=262144"
    "memorysetup-temp-allocator-size-background-worker=32768"
    "memorysetup-temp-allocator-size-job-worker=262144"
    "memorysetup-temp-allocator-size-preload-manager=33554432"
    "memorysetup-temp-allocator-size-nav-mesh-worker=65536"
    "memorysetup-temp-allocator-size-audio-worker=65536"
    "memorysetup-temp-allocator-size-cloud-worker=32768"
    "memorysetup-temp-allocator-size-gi-baking-worker=262144"
    "memorysetup-temp-allocator-size-gi-baking-worker=262144"
    "memorysetup-temp-allocator-size-gi-baking-worker=262144"
    "memorysetup-temp-allocator-size-gi-baking-worker=262144"
    "memorysetup-temp-allocator-size-gi-baking-worker=262144"
    "memorysetup-temp-allocator-size-gfx=262144"
Player connection [31536]  Target information:

Player connection [31536]  * "[IP] 192.168.0.134 [Port] 0 [Flags] 2 [Guid] 3425417052 [EditorId] 3425417052 [Version] 1048832 [Id] WindowsEditor(7,DESKTOP-5IGQ091) [Debug] 1 [PackageName] WindowsEditor [ProjectName] Editor" 

Player connection [31536]  * "[IP] 169.254.123.98 [Port] 0 [Flags] 2 [Guid] 3425417052 [EditorId] 3425417052 [Version] 1048832 [Id] WindowsEditor(7,DESKTOP-5IGQ091) [Debug] 1 [PackageName] WindowsEditor [ProjectName] Editor" 

Player connection [31536]  * "[IP] 192.168.32.1 [Port] 0 [Flags] 2 [Guid] 3425417052 [EditorId] 3425417052 [Version] 1048832 [Id] WindowsEditor(7,DESKTOP-5IGQ091) [Debug] 1 [PackageName] WindowsEditor [ProjectName] Editor" 

Player connection [31536]  * "[IP] 172.28.176.1 [Port] 0 [Flags] 2 [Guid] 3425417052 [EditorId] 3425417052 [Version] 1048832 [Id] WindowsEditor(7,DESKTOP-5IGQ091) [Debug] 1 [PackageName] WindowsEditor [ProjectName] Editor" 

Player connection [31536]  * "[IP] 192.168.142.1 [Port] 0 [Flags] 2 [Guid] 3425417052 [EditorId] 3425417052 [Version] 1048832 [Id] WindowsEditor(7,DESKTOP-5IGQ091) [Debug] 1 [PackageName] WindowsEditor [ProjectName] Editor" 

Player connection [31536] Host joined multi-casting on [225.0.0.222:54997]...
Player connection [31536] Host joined alternative multi-casting on [225.0.0.222:34997]...
JobSystem: Creating JobQueue using job-worker-count value 5
Input System module state changed to: Initialized.
[Physics::Module] Initialized fallback backend.
[Physics::Module] Id: 0xdecafbad
Library Redirect Path: Library/
[Physics::Module] Selected backend.
[Physics::Module] Name: PhysX
[Physics::Module] Id: 0xf2b8ea05
[Physics::Module] SDK Version: 4.1.2
[Physics::Module] Integration Version: 1.0.0
[Physics::Module] Threading Mode: Multi-Threaded
Refreshing native plugins compatible for Editor in 6.99 ms, found 3 plugins.
Preloading 0 native plugins for Editor in 0.00 ms.
Initialize engine version: 6000.0.34f1 (5ab2d9ed9190)
[Subsystems] Discovering subsystems at path C:/Program Files/Unity/Hub/Editor/6000.0.34f1/Editor/Data/Resources/UnitySubsystems
[Subsystems] Discovering subsystems at path C:/Users/Nathan MOREL/Documents/LDraw_Importer_Unity/Assets
GfxDevice: creating device client; kGfxThreadingModeNonThreaded
Direct3D:
    Version:  Direct3D 11.0 [level 11.1]
    Renderer: NVIDIA GeForce RTX 3080 Ti (ID=0x2208)
    Vendor:   NVIDIA
    VRAM:     12086 MB
    Driver:   32.0.15.6094
Initialize mono
Mono path[0] = 'C:/Program Files/Unity/Hub/Editor/6000.0.34f1/Editor/Data/Managed'
Mono path[1] = 'C:/Program Files/Unity/Hub/Editor/6000.0.34f1/Editor/Data/MonoBleedingEdge/lib/mono/unityjit-win32'
Mono config path = 'C:/Program Files/Unity/Hub/Editor/6000.0.34f1/Editor/Data/MonoBleedingEdge/etc'
Using monoOptions --debugger-agent=transport=dt_socket,embedding=1,server=y,suspend=n,address=127.0.0.1:56984
Begin MonoManager ReloadAssembly
Registering precompiled unity dll's ...
Register platform support module: C:/Program Files/Unity/Hub/Editor/6000.0.34f1/Editor/Data/PlaybackEngines/WindowsStandaloneSupport/UnityEditor.WindowsStandalone.Extensions.dll
Register platform support module: C:/Program Files/Unity/Hub/Editor/6000.0.34f1/Editor/Data/PlaybackEngines/AndroidPlayer/UnityEditor.Android.Extensions.dll
Registered in 0.003548 seconds.
- Loaded All Assemblies, in  0.365 seconds
Native extension for Android target not found
Android Extension - Scanning For ADB Devices 211 ms
Native extension for WindowsStandalone target not found
Mono: successfully reloaded assembly
- Finished resetting the current domain, in  0.537 seconds
Domain Reload Profiling: 898ms
	BeginReloadAssembly (130ms)
		ExecutionOrderSort (0ms)
		DisableScriptedObjects (0ms)
		BackupInstance (0ms)
		ReleaseScriptingObjects (0ms)
		CreateAndSetChildDomain (1ms)
	RebuildCommonClasses (32ms)
	RebuildNativeTypeToScriptingClass (11ms)
	initialDomainReloadingComplete (46ms)
	LoadAllAssembliesAndSetupDomain (141ms)
		LoadAssemblies (128ms)
		RebuildTransferFunctionScriptingTraits (0ms)
		AnalyzeDomain (137ms)
			TypeCache.Refresh (135ms)
				TypeCache.ScanAssembly (124ms)
			BuildScriptInfoCaches (0ms)
			ResolveRequiredComponents (0ms)
	FinalizeReload (538ms)
		ReleaseScriptCaches (0ms)
		RebuildScriptCaches (0ms)
		SetupLoadedEditorAssemblies (508ms)
			LogAssemblyErrors (0ms)
			InitializePlatformSupportModulesInManaged (300ms)
			SetLoadedEditorAssemblies (4ms)
			BeforeProcessingInitializeOnLoad (47ms)
			ProcessInitializeOnLoadAttributes (103ms)
			ProcessInitializeOnLoadMethodAttributes (53ms)
			AfterProcessingInitializeOnLoad (0ms)
			EditorAssembliesLoaded (0ms)
		ExecutionOrderSort2 (0ms)
		AwakeInstancesAfterBackupRestoration (0ms)
========================================================================
Worker process is ready to serve import requests
Import Worker Mode flag is 0x00
Begin MonoManager ReloadAssembly
Symbol file LoadedFromMemory is not a mono symbol file
- Loaded All Assemblies, in  0.598 seconds
Refreshing native plugins compatible for Editor in 5.54 ms, found 3 plugins.
Native extension for Android target not found
Native extension for WindowsStandalone target not found
Mono: successfully reloaded assembly
- Finished resetting the current domain, in  0.603 seconds
Domain Reload Profiling: 1196ms
	BeginReloadAssembly (164ms)
		ExecutionOrderSort (0ms)
		DisableScriptedObjects (7ms)
		BackupInstance (0ms)
		ReleaseScriptingObjects (0ms)
		CreateAndSetChildDomain (28ms)
	RebuildCommonClasses (31ms)
	RebuildNativeTypeToScriptingClass (10ms)
	initialDomainReloadingComplete (34ms)
	LoadAllAssembliesAndSetupDomain (354ms)
		LoadAssemblies (315ms)
		RebuildTransferFunctionScriptingTraits (0ms)
		AnalyzeDomain (135ms)
			TypeCache.Refresh (99ms)
				TypeCache.ScanAssembly (84ms)
			BuildScriptInfoCaches (31ms)
			ResolveRequiredComponents (2ms)
	FinalizeReload (604ms)
		ReleaseScriptCaches (0ms)
		RebuildScriptCaches (0ms)
		SetupLoadedEditorAssemblies (497ms)
			LogAssemblyErrors (0ms)
			InitializePlatformSupportModulesInManaged (10ms)
			SetLoadedEditorAssemblies (3ms)
			BeforeProcessingInitializeOnLoad (83ms)
			ProcessInitializeOnLoadAttributes (262ms)
			ProcessInitializeOnLoadMethodAttributes (133ms)
			AfterProcessingInitializeOnLoad (5ms)
			EditorAssembliesLoaded (0ms)
		ExecutionOrderSort2 (0ms)
		AwakeInstancesAfterBackupRestoration (5ms)
Launched and connected shader compiler UnityShaderCompiler.exe after 0.01 seconds
Refreshing native plugins compatible for Editor in 6.23 ms, found 3 plugins.
Preloading 0 native plugins for Editor in 0.00 ms.
Unloading 7 Unused Serialized files (Serialized files now loaded: 0)
Unloading 2969 unused Assets / (0.8 MB). Loaded Objects now: 3432.
Memory consumption went from 80.1 MB to 79.2 MB.
Total: 10.832000 ms (FindLiveObjects: 0.308700 ms CreateObjectMapping: 0.224500 ms MarkObjects: 9.338500 ms  DeleteObjects: 0.958900 ms)

========================================================================
Received Import Request.
  Time since last request: 633104.344807 seconds.
  path: Assets/LDraw-Importer/Default Materials/scuffed-plastic-ao.png
  artifactKey: Guid(dc5e814a172bd8b4f96567cd134a7e16) Importer(815301076,1909f56bfc062723c751e8b465ee728b)
Start importing Assets/LDraw-Importer/Default Materials/scuffed-plastic-ao.png using Guid(dc5e814a172bd8b4f96567cd134a7e16) Importer(815301076,1909f56bfc062723c751e8b465ee728b) (PreviewImporter) -> (artifact id: '0efc7e3e9d078ceb4d52c92b1e2ff8a4') in 0.0747669 seconds
Number of updated asset objects reloaded before import = 0Number of asset objects unloaded after import = 2

========================================================================
Received Import Request.
  Time since last request: 0.000015 seconds.
  path: Assets/LDraw-Importer/Default Materials/default_transparent.mat
  artifactKey: Guid(8f4c379874289c94db39cce2cc67e68d) Importer(815301076,1909f56bfc062723c751e8b465ee728b)
Start importing Assets/LDraw-Importer/Default Materials/default_transparent.mat using Guid(8f4c379874289c94db39cce2cc67e68d) Importer(815301076,1909f56bfc062723c751e8b465ee728b) (PreviewImporter) -> (artifact id: '5f41c4bca2cd84fb5bce395c79949d66') in 0.0830493 seconds
Number of updated asset objects reloaded before import = 0Number of asset objects unloaded after import = 3

========================================================================
Received Import Request.
  Time since last request: 0.000014 seconds.
  path: Assets/LDraw-Importer/Default Materials/scuffed-plastic-normal.png
  artifactKey: Guid(9ba1afa9c87704641942092ebdae4246) Importer(815301076,1909f56bfc062723c751e8b465ee728b)
Start importing Assets/LDraw-Importer/Default Materials/scuffed-plastic-normal.png using Guid(9ba1afa9c87704641942092ebdae4246) Importer(815301076,1909f56bfc062723c751e8b465ee728b) (PreviewImporter) -> (artifact id: 'f4741fa8c5f08deae845df78dd53bcda') in 0.0225415 seconds
Number of updated asset objects reloaded before import = 0Number of asset objects unloaded after import = 2

========================================================================
Received Import Request.
  Time since last request: 0.817502 seconds.
  path: Assets/LDraw-Importer/Materials/Aqua.mat
  artifactKey: Guid(1b50ea5fd6380284c891155456046466) Importer(815301076,1909f56bfc062723c751e8b465ee728b)
Start importing Assets/LDraw-Importer/Materials/Aqua.mat using Guid(1b50ea5fd6380284c891155456046466) Importer(815301076,1909f56bfc062723c751e8b465ee728b) (PreviewImporter) -> (artifact id: '863b26997175e2e950fe2f4d4fdef2b1') in 0.0150002 seconds
Number of updated asset objects reloaded before import = 0Number of asset objects unloaded after import = 3

========================================================================
Received Import Request.
  Time since last request: 0.000014 seconds.
  path: Assets/LDraw-Importer/Materials/Blue_Violet.mat
  artifactKey: Guid(2d21e7e3bdbb59c4293813346c76296e) Importer(815301076,1909f56bfc062723c751e8b465ee728b)
Start importing Assets/LDraw-Importer/Materials/Blue_Violet.mat using Guid(2d21e7e3bdbb59c4293813346c76296e) Importer(815301076,1909f56bfc062723c751e8b465ee728b) (PreviewImporter) -> (artifact id: 'f4e4c03e3beabf09adf129ff502d2146') in 0.0151844 seconds
Number of updated asset objects reloaded before import = 0Number of asset objects unloaded after import = 3

========================================================================
Received Import Request.
  Time since last request: 0.002985 seconds.
  path: Assets/LDraw-Importer/Materials/Bright_Light_Orange.mat
  artifactKey: Guid(dfa9b343ea1c35d4794f4853f449bbf5) Importer(815301076,1909f56bfc062723c751e8b465ee728b)
Start importing Assets/LDraw-Importer/Materials/Bright_Light_Orange.mat using Guid(dfa9b343ea1c35d4794f4853f449bbf5) Importer(815301076,1909f56bfc062723c751e8b465ee728b) (PreviewImporter) -> (artifact id: 'f29fe74db81e3d6bb15ed1d6ec2ed794') in 0.0166217 seconds
Number of updated asset objects reloaded before import = 0Number of asset objects unloaded after import = 3

========================================================================
Received Import Request.
  Time since last request: 0.000019 seconds.
  path: Assets/LDraw-Importer/Materials/Bright_Light_Yellow.mat
  artifactKey: Guid(f035056b174db904a9d51238bec4f643) Importer(815301076,1909f56bfc062723c751e8b465ee728b)
Start importing Assets/LDraw-Importer/Materials/Bright_Light_Yellow.mat using Guid(f035056b174db904a9d51238bec4f643) Importer(815301076,1909f56bfc062723c751e8b465ee728b) (PreviewImporter) -> (artifact id: 'e43b9fc4c04eff2ed0eae0420f71d990') in 0.0159967 seconds
Number of updated asset objects reloaded before import = 0Number of asset objects unloaded after import = 3

========================================================================
Received Import Request.
  Time since last request: 0.000014 seconds.
  path: Assets/LDraw-Importer/Materials/Bright_Reddish_Lilac.mat
  artifactKey: Guid(4fbafd79e757d9548bee4dff4c250ab3) Importer(815301076,1909f56bfc062723c751e8b465ee728b)
Start importing Assets/LDraw-Importer/Materials/Bright_Reddish_Lilac.mat using Guid(4fbafd79e757d9548bee4dff4c250ab3) Importer(815301076,1909f56bfc062723c751e8b465ee728b) (PreviewImporter) -> (artifact id: '48653488f3efe65eb1cbcdbd4c67314d') in 0.015423 seconds
Number of updated asset objects reloaded before import = 0Number of asset objects unloaded after import = 3

========================================================================
Received Import Request.
  Time since last request: 0.000015 seconds.
  path: Assets/LDraw-Importer/Materials/Chrome_Black.mat
  artifactKey: Guid(9c1da54065e23d8458de31a099f812ad) Importer(815301076,1909f56bfc062723c751e8b465ee728b)
Start importing Assets/LDraw-Importer/Materials/Chrome_Black.mat using Guid(9c1da54065e23d8458de31a099f812ad) Importer(815301076,1909f56bfc062723c751e8b465ee728b) (PreviewImporter) -> (artifact id: '77a4847325ad654f126645686d300d5b') in 0.0147318 seconds
Number of updated asset objects reloaded before import = 0Number of asset objects unloaded after import = 3

========================================================================
Received Import Request.
  Time since last request: 0.000016 seconds.
  path: Assets/LDraw-Importer/Materials/Chrome_Gold.mat
  artifactKey: Guid(ea8c81ac119d47848910f7d7755f9d62) Importer(815301076,1909f56bfc062723c751e8b465ee728b)
Start importing Assets/LDraw-Importer/Materials/Chrome_Gold.mat using Guid(ea8c81ac119d47848910f7d7755f9d62) Importer(815301076,1909f56bfc062723c751e8b465ee728b) (PreviewImporter) -> (artifact id: '027f9696e492ec00458c8209f3a7a388') in 0.0160872 seconds
Number of updated asset objects reloaded before import = 0Number of asset objects unloaded after import = 3

========================================================================
Received Import Request.
  Time since last request: 0.000016 seconds.
  path: Assets/LDraw-Importer/Materials/Chrome_Green.mat
  artifactKey: Guid(252d26379392fba499263e44f9f363c8) Importer(815301076,1909f56bfc062723c751e8b465ee728b)
Start importing Assets/LDraw-Importer/Materials/Chrome_Green.mat using Guid(252d26379392fba499263e44f9f363c8) Importer(815301076,1909f56bfc062723c751e8b465ee728b) (PreviewImporter) -> (artifact id: '1daba386d94fcb8536e9429ed737fc2c') in 0.0168248 seconds
Number of updated asset objects reloaded before import = 0Number of asset objects unloaded after import = 3

========================================================================
Received Import Request.
  Time since last request: 0.000014 seconds.
  path: Assets/LDraw-Importer/Materials/Copper.mat
  artifactKey: Guid(c50effaefd88dc647a648a13ef4116fe) Importer(815301076,1909f56bfc062723c751e8b465ee728b)
Start importing Assets/LDraw-Importer/Materials/Copper.mat using Guid(c50effaefd88dc647a648a13ef4116fe) Importer(815301076,1909f56bfc062723c751e8b465ee728b) (PreviewImporter) -> (artifact id: 'c403558d846b9a283654bdcb59153cfa') in 0.0157125 seconds
Number of updated asset objects reloaded before import = 0Number of asset objects unloaded after import = 3

========================================================================
Received Import Request.
  Time since last request: 0.000016 seconds.
  path: Assets/LDraw-Importer/Materials/Dark_Azure.mat
  artifactKey: Guid(ad702cecf44c70d438c32202e35866f2) Importer(815301076,1909f56bfc062723c751e8b465ee728b)
Start importing Assets/LDraw-Importer/Materials/Dark_Azure.mat using Guid(ad702cecf44c70d438c32202e35866f2) Importer(815301076,1909f56bfc062723c751e8b465ee728b) (PreviewImporter) -> (artifact id: '14ad1e1949c70347c84665d051510be5') in 0.0156381 seconds
Number of updated asset objects reloaded before import = 0Number of asset objects unloaded after import = 3

========================================================================
Received Import Request.
  Time since last request: 0.000017 seconds.
  path: Assets/LDraw-Importer/Materials/Dark_Bluish_Grey.mat
  artifactKey: Guid(35c3730cc484640409633dcf5f4706af) Importer(815301076,1909f56bfc062723c751e8b465ee728b)
Start importing Assets/LDraw-Importer/Materials/Dark_Bluish_Grey.mat using Guid(35c3730cc484640409633dcf5f4706af) Importer(815301076,1909f56bfc062723c751e8b465ee728b) (PreviewImporter) -> (artifact id: '230c869a66d85332eddd8c127854610f') in 0.0146895 seconds
Number of updated asset objects reloaded before import = 0Number of asset objects unloaded after import = 3

========================================================================
Received Import Request.
  Time since last request: 0.000017 seconds.
  path: Assets/LDraw-Importer/Materials/Dark_Flesh.mat
  artifactKey: Guid(3019bb56c154f9c498986b3f7a4a1d7a) Importer(815301076,1909f56bfc062723c751e8b465ee728b)
Start importing Assets/LDraw-Importer/Materials/Dark_Flesh.mat using Guid(3019bb56c154f9c498986b3f7a4a1d7a) Importer(815301076,1909f56bfc062723c751e8b465ee728b) (PreviewImporter) -> (artifact id: 'c2ff6b528c417e7eae40a4e5e44d073e') in 0.0151932 seconds
Number of updated asset objects reloaded before import = 0Number of asset objects unloaded after import = 3

========================================================================
Received Import Request.
  Time since last request: 0.003250 seconds.
  path: Assets/LDraw-Importer/Materials/Dark_Nougat.mat
  artifactKey: Guid(613fa02e53b5dbe41a101191eff9f395) Importer(815301076,1909f56bfc062723c751e8b465ee728b)
Start importing Assets/LDraw-Importer/Materials/Dark_Nougat.mat using Guid(613fa02e53b5dbe41a101191eff9f395) Importer(815301076,1909f56bfc062723c751e8b465ee728b) (PreviewImporter) -> (artifact id: '351a28d2d895eea2b95202c029bbb419') in 0.0166373 seconds
Number of updated asset objects reloaded before import = 0Number of asset objects unloaded after import = 3

========================================================================
Received Import Request.
  Time since last request: 0.000016 seconds.
  path: Assets/LDraw-Importer/Materials/Dark_Tan.mat
  artifactKey: Guid(fb65aad697917ee45bc4b00f3860a6f7) Importer(815301076,1909f56bfc062723c751e8b465ee728b)
Start importing Assets/LDraw-Importer/Materials/Dark_Tan.mat using Guid(fb65aad697917ee45bc4b00f3860a6f7) Importer(815301076,1909f56bfc062723c751e8b465ee728b) (PreviewImporter) -> (artifact id: '35097a2b29b5b261b942ddc5939247bf') in 0.0163199 seconds
Number of updated asset objects reloaded before import = 0Number of asset objects unloaded after import = 3

========================================================================
Received Import Request.
  Time since last request: 0.000015 seconds.
  path: Assets/LDraw-Importer/Materials/Earth_Orange.mat
  artifactKey: Guid(c16fc316239eaf840bb79b7ff8147cea) Importer(815301076,1909f56bfc062723c751e8b465ee728b)
Start importing Assets/LDraw-Importer/Materials/Earth_Orange.mat using Guid(c16fc316239eaf840bb79b7ff8147cea) Importer(815301076,1909f56bfc062723c751e8b465ee728b) (PreviewImporter) -> (artifact id: '5be9d98e309f22451fd99c92a8e283f2') in 0.0161724 seconds
Number of updated asset objects reloaded before import = 0Number of asset objects unloaded after import = 3

========================================================================
Received Import Request.
  Time since last request: 0.000029 seconds.
  path: Assets/LDraw-Importer/Materials/Edge_Colour.mat
  artifactKey: Guid(a7363c011fc8c3e458c3c4861ca7c584) Importer(815301076,1909f56bfc062723c751e8b465ee728b)
Start importing Assets/LDraw-Importer/Materials/Edge_Colour.mat using Guid(a7363c011fc8c3e458c3c4861ca7c584) Importer(815301076,1909f56bfc062723c751e8b465ee728b) (PreviewImporter) -> (artifact id: 'c2f1ecaab6b175d0e5e5f0695b42e0f5') in 0.0160486 seconds
Number of updated asset objects reloaded before import = 0Number of asset objects unloaded after import = 3

========================================================================
Received Import Request.
  Time since last request: 0.000017 seconds.
  path: Assets/LDraw-Importer/Materials/Electric_Contact_Copper.mat
  artifactKey: Guid(c7b0b3bb2edf08d4f80a93cc54a90720) Importer(815301076,1909f56bfc062723c751e8b465ee728b)
Start importing Assets/LDraw-Importer/Materials/Electric_Contact_Copper.mat using Guid(c7b0b3bb2edf08d4f80a93cc54a90720) Importer(815301076,1909f56bfc062723c751e8b465ee728b) (PreviewImporter) -> (artifact id: 'ff79f265a3df3b4290d4206fdc599ec5') in 0.0158721 seconds
Number of updated asset objects reloaded before import = 0Number of asset objects unloaded after import = 3

========================================================================
Received Import Request.
  Time since last request: 0.000013 seconds.
  path: Assets/LDraw-Importer/Materials/Fabuland_Brown.mat
  artifactKey: Guid(ffe7533ab908ee9409502242101be4d8) Importer(815301076,1909f56bfc062723c751e8b465ee728b)
Start importing Assets/LDraw-Importer/Materials/Fabuland_Brown.mat using Guid(ffe7533ab908ee9409502242101be4d8) Importer(815301076,1909f56bfc062723c751e8b465ee728b) (PreviewImporter) -> (artifact id: '515d896d3455e3908e1b8c85beef71de') in 0.0153704 seconds
Number of updated asset objects reloaded before import = 0Number of asset objects unloaded after import = 3

========================================================================
Received Import Request.
  Time since last request: 0.000014 seconds.
  path: Assets/LDraw-Importer/Materials/Flat_Silver.mat
  artifactKey: Guid(125a08eb6914b864c99b1b316d669d43) Importer(815301076,1909f56bfc062723c751e8b465ee728b)
Start importing Assets/LDraw-Importer/Materials/Flat_Silver.mat using Guid(125a08eb6914b864c99b1b316d669d43) Importer(815301076,1909f56bfc062723c751e8b465ee728b) (PreviewImporter) -> (artifact id: 'fa3df985f9468c0922b656e3e4af5086') in 0.016904 seconds
Number of updated asset objects reloaded before import = 0Number of asset objects unloaded after import = 3

========================================================================
Received Import Request.
  Time since last request: 0.000015 seconds.
  path: Assets/LDraw-Importer/Materials/Glitter_Trans_Dark_Pink.mat
  artifactKey: Guid(32228884fddbfca4e9fcf0d97b7237c5) Importer(815301076,1909f56bfc062723c751e8b465ee728b)
Start importing Assets/LDraw-Importer/Materials/Glitter_Trans_Dark_Pink.mat using Guid(32228884fddbfca4e9fcf0d97b7237c5) Importer(815301076,1909f56bfc062723c751e8b465ee728b) (PreviewImporter) -> (artifact id: '87bf74bb30e2ebb46e5717d76742f857') in 0.0148911 seconds
Number of updated asset objects reloaded before import = 0Number of asset objects unloaded after import = 3

========================================================================
Received Import Request.
  Time since last request: 0.000022 seconds.
  path: Assets/LDraw-Importer/Materials/Glitter_Trans_Neon_Green.mat
  artifactKey: Guid(b73d3f1baa7e58348b1430a93449b90e) Importer(815301076,1909f56bfc062723c751e8b465ee728b)
Start importing Assets/LDraw-Importer/Materials/Glitter_Trans_Neon_Green.mat using Guid(b73d3f1baa7e58348b1430a93449b90e) Importer(815301076,1909f56bfc062723c751e8b465ee728b) (PreviewImporter) -> (artifact id: '3aef0f25e62a7e26b7609f68e80cd7fd') in 0.0245726 seconds
Number of updated asset objects reloaded before import = 0Number of asset objects unloaded after import = 3

========================================================================
Received Import Request.
  Time since last request: 0.000013 seconds.
  path: Assets/LDraw-Importer/Materials/Glitter_Trans_Purple.mat
  artifactKey: Guid(ed42e2873280fdd4d80eae988577c45e) Importer(815301076,1909f56bfc062723c751e8b465ee728b)
Start importing Assets/LDraw-Importer/Materials/Glitter_Trans_Purple.mat using Guid(ed42e2873280fdd4d80eae988577c45e) Importer(815301076,1909f56bfc062723c751e8b465ee728b) (PreviewImporter) -> (artifact id: '3966d1ef6fbef1b79836ff4d6f7a28d7') in 0.0137189 seconds
Number of updated asset objects reloaded before import = 0Number of asset objects unloaded after import = 3

========================================================================
Received Import Request.
  Time since last request: 0.000017 seconds.
  path: Assets/LDraw-Importer/Materials/Glow_In_Dark_White.mat
  artifactKey: Guid(3442ad0d59747154aaddad7764661b43) Importer(815301076,1909f56bfc062723c751e8b465ee728b)
Start importing Assets/LDraw-Importer/Materials/Glow_In_Dark_White.mat using Guid(3442ad0d59747154aaddad7764661b43) Importer(815301076,1909f56bfc062723c751e8b465ee728b) (PreviewImporter) -> (artifact id: '9f4a4fa4b7e20580b1a5caa657c1ead2') in 0.013573 seconds
Number of updated asset objects reloaded before import = 0Number of asset objects unloaded after import = 3

========================================================================
Received Import Request.
  Time since last request: 0.000015 seconds.
  path: Assets/LDraw-Importer/Materials/Glow_In_Dark_Trans.mat
  artifactKey: Guid(62d6457692e151544b2a9a61bd720db7) Importer(815301076,1909f56bfc062723c751e8b465ee728b)
Start importing Assets/LDraw-Importer/Materials/Glow_In_Dark_Trans.mat using Guid(62d6457692e151544b2a9a61bd720db7) Importer(815301076,1909f56bfc062723c751e8b465ee728b) (PreviewImporter) -> (artifact id: '85b6b5847bba80ddf82663a89192579c') in 0.0151245 seconds
Number of updated asset objects reloaded before import = 0Number of asset objects unloaded after import = 3

========================================================================
Received Import Request.
  Time since last request: 0.000014 seconds.
  path: Assets/LDraw-Importer/Materials/Light_Flesh.mat
  artifactKey: Guid(67d28ede53a3edf4dbec84756cef19d4) Importer(815301076,1909f56bfc062723c751e8b465ee728b)
Start importing Assets/LDraw-Importer/Materials/Light_Flesh.mat using Guid(67d28ede53a3edf4dbec84756cef19d4) Importer(815301076,1909f56bfc062723c751e8b465ee728b) (PreviewImporter) -> (artifact id: 'a87b4509a7551756faed006dd5cc7c90') in 0.0148726 seconds
Number of updated asset objects reloaded before import = 0Number of asset objects unloaded after import = 3

========================================================================
Received Import Request.
  Time since last request: 0.000018 seconds.
  path: Assets/LDraw-Importer/Materials/Light_Grey.mat
  artifactKey: Guid(759a0932dbc5db342b0eaaebee31944e) Importer(815301076,1909f56bfc062723c751e8b465ee728b)
Start importing Assets/LDraw-Importer/Materials/Light_Grey.mat using Guid(759a0932dbc5db342b0eaaebee31944e) Importer(815301076,1909f56bfc062723c751e8b465ee728b) (PreviewImporter) -> (artifact id: 'a3e917f36fe8032553641e85b3217fb4') in 0.0138026 seconds
Number of updated asset objects reloaded before import = 0Number of asset objects unloaded after import = 3

========================================================================
Received Import Request.
  Time since last request: 0.000017 seconds.
  path: Assets/LDraw-Importer/Materials/Light_Lime.mat
  artifactKey: Guid(ec50e77a0a165004f9cc9cfb623214ae) Importer(815301076,1909f56bfc062723c751e8b465ee728b)
Start importing Assets/LDraw-Importer/Materials/Light_Lime.mat using Guid(ec50e77a0a165004f9cc9cfb623214ae) Importer(815301076,1909f56bfc062723c751e8b465ee728b) (PreviewImporter) -> (artifact id: '2823e35516cba8dccd7e3dde38a285f1') in 0.0142015 seconds
Number of updated asset objects reloaded before import = 0Number of asset objects unloaded after import = 3

========================================================================
Received Import Request.
  Time since last request: 0.000016 seconds.
  path: Assets/LDraw-Importer/Materials/Light_Salmon.mat
  artifactKey: Guid(82bef5bea7c17184ebaed9828cc98e23) Importer(815301076,1909f56bfc062723c751e8b465ee728b)
Start importing Assets/LDraw-Importer/Materials/Light_Salmon.mat using Guid(82bef5bea7c17184ebaed9828cc98e23) Importer(815301076,1909f56bfc062723c751e8b465ee728b) (PreviewImporter) -> (artifact id: 'dbfea4168f9b3ba1f0b3220f1055ffc3') in 0.014854 seconds
Number of updated asset objects reloaded before import = 0Number of asset objects unloaded after import = 3

========================================================================
Received Import Request.
  Time since last request: 0.000020 seconds.
  path: Assets/LDraw-Importer/Materials/Light_Violet.mat
  artifactKey: Guid(8d3a62f1d4225b849a2a632eccc978d5) Importer(815301076,1909f56bfc062723c751e8b465ee728b)
Start importing Assets/LDraw-Importer/Materials/Light_Violet.mat using Guid(8d3a62f1d4225b849a2a632eccc978d5) Importer(815301076,1909f56bfc062723c751e8b465ee728b) (PreviewImporter) -> (artifact id: '3d575b735dafe73cef784200ffdce4ac') in 0.016053 seconds
Number of updated asset objects reloaded before import = 0Number of asset objects unloaded after import = 3

========================================================================
Received Import Request.
  Time since last request: 0.000027 seconds.
  path: Assets/LDraw-Importer/Materials/Lilac.mat
  artifactKey: Guid(3ae7893cbd2da8a4dafb015941dd0bb0) Importer(815301076,1909f56bfc062723c751e8b465ee728b)
Start importing Assets/LDraw-Importer/Materials/Lilac.mat using Guid(3ae7893cbd2da8a4dafb015941dd0bb0) Importer(815301076,1909f56bfc062723c751e8b465ee728b) (PreviewImporter) -> (artifact id: 'ddb56a87ec007b6f0e2e59ca406f8eb1') in 0.0150191 seconds
Number of updated asset objects reloaded before import = 0Number of asset objects unloaded after import = 3

========================================================================
Received Import Request.
  Time since last request: 0.000019 seconds.
  path: Assets/LDraw-Importer/Materials/Maersk_Blue.mat
  artifactKey: Guid(3139a28008ce5f24ba9d280a2a68a8bc) Importer(815301076,1909f56bfc062723c751e8b465ee728b)
Start importing Assets/LDraw-Importer/Materials/Maersk_Blue.mat using Guid(3139a28008ce5f24ba9d280a2a68a8bc) Importer(815301076,1909f56bfc062723c751e8b465ee728b) (PreviewImporter) -> (artifact id: '0fc4ebec44a357de014b404d22340f44') in 0.0166698 seconds
Number of updated asset objects reloaded before import = 0Number of asset objects unloaded after import = 3

========================================================================
Received Import Request.
  Time since last request: 0.000015 seconds.
  path: Assets/LDraw-Importer/Materials/Lime.mat
  artifactKey: Guid(051d703c5f11b084fa29b3510d73ad6d) Importer(815301076,1909f56bfc062723c751e8b465ee728b)
Start importing Assets/LDraw-Importer/Materials/Lime.mat using Guid(051d703c5f11b084fa29b3510d73ad6d) Importer(815301076,1909f56bfc062723c751e8b465ee728b) (PreviewImporter) -> (artifact id: 'c3bbf9a1838d3860847bcc449027ee01') in 0.0157124 seconds
Number of updated asset objects reloaded before import = 0Number of asset objects unloaded after import = 3

========================================================================
Received Import Request.
  Time since last request: 0.000013 seconds.
  path: Assets/LDraw-Importer/Materials/Main_Colour.mat
  artifactKey: Guid(1d15fc5faa98025419e3612eb3354f8c) Importer(815301076,1909f56bfc062723c751e8b465ee728b)
Start importing Assets/LDraw-Importer/Materials/Main_Colour.mat using Guid(1d15fc5faa98025419e3612eb3354f8c) Importer(815301076,1909f56bfc062723c751e8b465ee728b) (PreviewImporter) -> (artifact id: '7c478acba337508cbbae2067c373ae24') in 0.0140005 seconds
Number of updated asset objects reloaded before import = 0Number of asset objects unloaded after import = 3

========================================================================
Received Import Request.
  Time since last request: 0.000018 seconds.
  path: Assets/LDraw-Importer/Materials/Medium_Dark_Flesh.mat
  artifactKey: Guid(426a2b1310902844889ce826d12b462f) Importer(815301076,1909f56bfc062723c751e8b465ee728b)
Start importing Assets/LDraw-Importer/Materials/Medium_Dark_Flesh.mat using Guid(426a2b1310902844889ce826d12b462f) Importer(815301076,1909f56bfc062723c751e8b465ee728b) (PreviewImporter) -> (artifact id: '1f04754e53ead3a2b15c40bc5b696411') in 0.0146117 seconds
Number of updated asset objects reloaded before import = 0Number of asset objects unloaded after import = 3

========================================================================
Received Import Request.
  Time since last request: 0.000016 seconds.
  path: Assets/LDraw-Importer/Materials/Medium_Green.mat
  artifactKey: Guid(392a11bd702c5d24e9921bc6cec5dc26) Importer(815301076,1909f56bfc062723c751e8b465ee728b)
Start importing Assets/LDraw-Importer/Materials/Medium_Green.mat using Guid(392a11bd702c5d24e9921bc6cec5dc26) Importer(815301076,1909f56bfc062723c751e8b465ee728b) (PreviewImporter) -> (artifact id: '47a3d08e01121caf06953b517f50902c') in 0.0146386 seconds
Number of updated asset objects reloaded before import = 0Number of asset objects unloaded after import = 3

========================================================================
Received Import Request.
  Time since last request: 0.000021 seconds.
  path: Assets/LDraw-Importer/Materials/Medium_Lime.mat
  artifactKey: Guid(46b9514fb60290a4a8bcf64c263f0cf5) Importer(815301076,1909f56bfc062723c751e8b465ee728b)
Start importing Assets/LDraw-Importer/Materials/Medium_Lime.mat using Guid(46b9514fb60290a4a8bcf64c263f0cf5) Importer(815301076,1909f56bfc062723c751e8b465ee728b) (PreviewImporter) -> (artifact id: '180ccd35161587d4f9efd89b1138548e') in 0.0150125 seconds
Number of updated asset objects reloaded before import = 0Number of asset objects unloaded after import = 3

========================================================================
Received Import Request.
  Time since last request: 0.000018 seconds.
  path: Assets/LDraw-Importer/Materials/Metal_Blue.mat
  artifactKey: Guid(e5fc199bed548c947a14abcb9cc7fbe9) Importer(815301076,1909f56bfc062723c751e8b465ee728b)
Start importing Assets/LDraw-Importer/Materials/Metal_Blue.mat using Guid(e5fc199bed548c947a14abcb9cc7fbe9) Importer(815301076,1909f56bfc062723c751e8b465ee728b) (PreviewImporter) -> (artifact id: '3c81d67b6edee19d9f28c731fc02ffb2') in 0.0143668 seconds
Number of updated asset objects reloaded before import = 0Number of asset objects unloaded after import = 3

========================================================================
Received Import Request.
  Time since last request: 0.000015 seconds.
  path: Assets/LDraw-Importer/Materials/Metallic_Black.mat
  artifactKey: Guid(d1e781ffb142f294faa33ce1d2746179) Importer(815301076,1909f56bfc062723c751e8b465ee728b)
Start importing Assets/LDraw-Importer/Materials/Metallic_Black.mat using Guid(d1e781ffb142f294faa33ce1d2746179) Importer(815301076,1909f56bfc062723c751e8b465ee728b) (PreviewImporter) -> (artifact id: '52d100b576c0d8009b34fe676543b7b0') in 0.0148019 seconds
Number of updated asset objects reloaded before import = 0Number of asset objects unloaded after import = 3

========================================================================
Received Import Request.
  Time since last request: 0.000014 seconds.
  path: Assets/LDraw-Importer/Materials/Metallic_Copper.mat
  artifactKey: Guid(e8b320d5be282fc468437a5c1d159cd7) Importer(815301076,1909f56bfc062723c751e8b465ee728b)
Start importing Assets/LDraw-Importer/Materials/Metallic_Copper.mat using Guid(e8b320d5be282fc468437a5c1d159cd7) Importer(815301076,1909f56bfc062723c751e8b465ee728b) (PreviewImporter) -> (artifact id: '2a4828f481a68754136c46beec9bb368') in 0.0136484 seconds
Number of updated asset objects reloaded before import = 0Number of asset objects unloaded after import = 3

========================================================================
Received Import Request.
  Time since last request: 0.000034 seconds.
  path: Assets/LDraw-Importer/Materials/Metallic_Gold.mat
  artifactKey: Guid(d23dc9caecfd61440b070a6f2b51dd22) Importer(815301076,1909f56bfc062723c751e8b465ee728b)
Start importing Assets/LDraw-Importer/Materials/Metallic_Gold.mat using Guid(d23dc9caecfd61440b070a6f2b51dd22) Importer(815301076,1909f56bfc062723c751e8b465ee728b) (PreviewImporter) -> (artifact id: '2dce1799362529783b26f97bc926b9a3') in 0.0140158 seconds
Number of updated asset objects reloaded before import = 0Number of asset objects unloaded after import = 3

========================================================================
Received Import Request.
  Time since last request: 0.000017 seconds.
  path: Assets/LDraw-Importer/Materials/Metallic_Green.mat
  artifactKey: Guid(b583ee05c75fe4043b4fa4a2c5391632) Importer(815301076,1909f56bfc062723c751e8b465ee728b)
Start importing Assets/LDraw-Importer/Materials/Metallic_Green.mat using Guid(b583ee05c75fe4043b4fa4a2c5391632) Importer(815301076,1909f56bfc062723c751e8b465ee728b) (PreviewImporter) -> (artifact id: '9ca85344f7a46530cebe14bf50a6e660') in 0.0146258 seconds
Number of updated asset objects reloaded before import = 0Number of asset objects unloaded after import = 3

========================================================================
Received Import Request.
  Time since last request: 0.000015 seconds.
  path: Assets/LDraw-Importer/Materials/Metallic_Bright_Red.mat
  artifactKey: Guid(b31e0e495b26de04292e82764c75f080) Importer(815301076,1909f56bfc062723c751e8b465ee728b)
Start importing Assets/LDraw-Importer/Materials/Metallic_Bright_Red.mat using Guid(b31e0e495b26de04292e82764c75f080) Importer(815301076,1909f56bfc062723c751e8b465ee728b) (PreviewImporter) -> (artifact id: 'd6a2ae8d8dddd2f1ca11cbc5b7977359') in 0.0148818 seconds
Number of updated asset objects reloaded before import = 0Number of asset objects unloaded after import = 3

========================================================================
Received Import Request.
  Time since last request: 0.000019 seconds.
  path: Assets/LDraw-Importer/Materials/Orange.mat
  artifactKey: Guid(a1604998bdc433742acb374239aaacdf) Importer(815301076,1909f56bfc062723c751e8b465ee728b)
Start importing Assets/LDraw-Importer/Materials/Orange.mat using Guid(a1604998bdc433742acb374239aaacdf) Importer(815301076,1909f56bfc062723c751e8b465ee728b) (PreviewImporter) -> (artifact id: 'd07c3f842236b2e312ab6c880426edd9') in 0.0156959 seconds
Number of updated asset objects reloaded before import = 0Number of asset objects unloaded after import = 3

========================================================================
Received Import Request.
  Time since last request: 0.000015 seconds.
  path: Assets/LDraw-Importer/Materials/Pearl_Gold.mat
  artifactKey: Guid(b2faf27003e64bb449667cab855528d8) Importer(815301076,1909f56bfc062723c751e8b465ee728b)
Start importing Assets/LDraw-Importer/Materials/Pearl_Gold.mat using Guid(b2faf27003e64bb449667cab855528d8) Importer(815301076,1909f56bfc062723c751e8b465ee728b) (PreviewImporter) -> (artifact id: '9044c7da368198881ffdb7f6077548bc') in 0.0145047 seconds
Number of updated asset objects reloaded before import = 0Number of asset objects unloaded after import = 3

========================================================================
Received Import Request.
  Time since last request: 0.000020 seconds.
  path: Assets/LDraw-Importer/Materials/Pearl_Light_Grey.mat
  artifactKey: Guid(29727603bd3ec8448951649b95de6440) Importer(815301076,1909f56bfc062723c751e8b465ee728b)
Start importing Assets/LDraw-Importer/Materials/Pearl_Light_Grey.mat using Guid(29727603bd3ec8448951649b95de6440) Importer(815301076,1909f56bfc062723c751e8b465ee728b) (PreviewImporter) -> (artifact id: 'c45c94d49c92816e4db02e2c3a3fdd5b') in 0.0143228 seconds
Number of updated asset objects reloaded before import = 0Number of asset objects unloaded after import = 3

========================================================================
Received Import Request.
  Time since last request: 0.000015 seconds.
  path: Assets/LDraw-Importer/Materials/Pink.mat
  artifactKey: Guid(6fa6aaa42b64b7649bbbec1efafcbddf) Importer(815301076,1909f56bfc062723c751e8b465ee728b)
Start importing Assets/LDraw-Importer/Materials/Pink.mat using Guid(6fa6aaa42b64b7649bbbec1efafcbddf) Importer(815301076,1909f56bfc062723c751e8b465ee728b) (PreviewImporter) -> (artifact id: 'fc70d91557f8f32b2e3d3ae5e4cfa9f8') in 0.0137631 seconds
Number of updated asset objects reloaded before import = 0Number of asset objects unloaded after import = 3

========================================================================
Received Import Request.
  Time since last request: 0.000016 seconds.
  path: Assets/LDraw-Importer/Materials/Reddish_Brown.mat
  artifactKey: Guid(af8c9ba4dd2442d4ca10efa6ef7cb007) Importer(815301076,1909f56bfc062723c751e8b465ee728b)
Start importing Assets/LDraw-Importer/Materials/Reddish_Brown.mat using Guid(af8c9ba4dd2442d4ca10efa6ef7cb007) Importer(815301076,1909f56bfc062723c751e8b465ee728b) (PreviewImporter) -> (artifact id: '1f599382120c36db759cf5458a9e7a88') in 0.013698 seconds
Number of updated asset objects reloaded before import = 0Number of asset objects unloaded after import = 3

========================================================================
Received Import Request.
  Time since last request: 0.000016 seconds.
  path: Assets/LDraw-Importer/Materials/Reddish_Lilac.mat
  artifactKey: Guid(284a8c09c0a31914ebefcb8e734b907c) Importer(815301076,1909f56bfc062723c751e8b465ee728b)
Start importing Assets/LDraw-Importer/Materials/Reddish_Lilac.mat using Guid(284a8c09c0a31914ebefcb8e734b907c) Importer(815301076,1909f56bfc062723c751e8b465ee728b) (PreviewImporter) -> (artifact id: '343769731aa91b96579930cb09734c71') in 0.0646531 seconds
Number of updated asset objects reloaded before import = 0Number of asset objects unloaded after import = 3

========================================================================
Received Import Request.
  Time since last request: 0.000018 seconds.
  path: Assets/LDraw-Importer/Materials/Rubber_Blue.mat
  artifactKey: Guid(7b497013586d8d346aca11acaeb5778c) Importer(815301076,1909f56bfc062723c751e8b465ee728b)
Start importing Assets/LDraw-Importer/Materials/Rubber_Blue.mat using Guid(7b497013586d8d346aca11acaeb5778c) Importer(815301076,1909f56bfc062723c751e8b465ee728b) (PreviewImporter) -> (artifact id: 'c4e165d52d83d08c6a657c931cdbc2cf') in 0.0143056 seconds
Number of updated asset objects reloaded before import = 0Number of asset objects unloaded after import = 3

========================================================================
Received Import Request.
  Time since last request: 0.000018 seconds.
  path: Assets/LDraw-Importer/Materials/Rubber_Flat_Silver.mat
  artifactKey: Guid(f71d6c66b7d27184da7139a8c57aee5a) Importer(815301076,1909f56bfc062723c751e8b465ee728b)
Start importing Assets/LDraw-Importer/Materials/Rubber_Flat_Silver.mat using Guid(f71d6c66b7d27184da7139a8c57aee5a) Importer(815301076,1909f56bfc062723c751e8b465ee728b) (PreviewImporter) -> (artifact id: '77cb1e8f78ccfed51500877b05904f67') in 0.0151931 seconds
Number of updated asset objects reloaded before import = 0Number of asset objects unloaded after import = 3

========================================================================
Received Import Request.
  Time since last request: 0.000020 seconds.
  path: Assets/LDraw-Importer/Materials/Rubber_Lime.mat
  artifactKey: Guid(92bfc3035bd528d45aa375c2c51fc97c) Importer(815301076,1909f56bfc062723c751e8b465ee728b)
Start importing Assets/LDraw-Importer/Materials/Rubber_Lime.mat using Guid(92bfc3035bd528d45aa375c2c51fc97c) Importer(815301076,1909f56bfc062723c751e8b465ee728b) (PreviewImporter) -> (artifact id: '3bc0b39edba2c152a4208860f3a56ecc') in 0.0143966 seconds
Number of updated asset objects reloaded before import = 0Number of asset objects unloaded after import = 3

========================================================================
Received Import Request.
  Time since last request: 0.000012 seconds.
  path: Assets/LDraw-Importer/Materials/Rubber_Purple.mat
  artifactKey: Guid(f680caa24222ef54687d212838e234c0) Importer(815301076,1909f56bfc062723c751e8b465ee728b)
Start importing Assets/LDraw-Importer/Materials/Rubber_Purple.mat using Guid(f680caa24222ef54687d212838e234c0) Importer(815301076,1909f56bfc062723c751e8b465ee728b) (PreviewImporter) -> (artifact id: '6e69e196a1d7a99af6cb2a8a765a0acf') in 0.014815 seconds
Number of updated asset objects reloaded before import = 0Number of asset objects unloaded after import = 3

========================================================================
Received Import Request.
  Time since last request: 0.000014 seconds.
  path: Assets/LDraw-Importer/Materials/Rubber_Red.mat
  artifactKey: Guid(6704d279626d36d4eb7d7513ab5348d8) Importer(815301076,1909f56bfc062723c751e8b465ee728b)
Start importing Assets/LDraw-Importer/Materials/Rubber_Red.mat using Guid(6704d279626d36d4eb7d7513ab5348d8) Importer(815301076,1909f56bfc062723c751e8b465ee728b) (PreviewImporter) -> (artifact id: '90aa3fc01ec0dacd1c4d7c0acdbc888e') in 0.0121909 seconds
Number of updated asset objects reloaded before import = 0Number of asset objects unloaded after import = 3

========================================================================
Received Import Request.
  Time since last request: 0.000014 seconds.
  path: Assets/LDraw-Importer/Materials/Rubber_Trans_Yellow.mat
  artifactKey: Guid(bd04dd40610250642b0432e200511bc0) Importer(815301076,1909f56bfc062723c751e8b465ee728b)
Start importing Assets/LDraw-Importer/Materials/Rubber_Trans_Yellow.mat using Guid(bd04dd40610250642b0432e200511bc0) Importer(815301076,1909f56bfc062723c751e8b465ee728b) (PreviewImporter) -> (artifact id: 'ff54a07a76d69c3d19bfd1d42869a094') in 0.0147008 seconds
Number of updated asset objects reloaded before import = 0Number of asset objects unloaded after import = 3

========================================================================
Received Import Request.
  Time since last request: 0.000015 seconds.
  path: Assets/LDraw-Importer/Materials/Medium_Azure.mat
  artifactKey: Guid(d2c42089ff5ebb640aa58844dbb64a05) Importer(815301076,1909f56bfc062723c751e8b465ee728b)
Start importing Assets/LDraw-Importer/Materials/Medium_Azure.mat using Guid(d2c42089ff5ebb640aa58844dbb64a05) Importer(815301076,1909f56bfc062723c751e8b465ee728b) (PreviewImporter) -> (artifact id: '577883e5fc8834f335ef1ff57e1fb287') in 0.0137726 seconds
Number of updated asset objects reloaded before import = 0Number of asset objects unloaded after import = 3

========================================================================
Received Import Request.
  Time since last request: 0.000021 seconds.
  path: Assets/LDraw-Importer/Materials/Sand_Blue.mat
  artifactKey: Guid(462f8ccb6f941ee42b12ca429f971b7f) Importer(815301076,1909f56bfc062723c751e8b465ee728b)
Start importing Assets/LDraw-Importer/Materials/Sand_Blue.mat using Guid(462f8ccb6f941ee42b12ca429f971b7f) Importer(815301076,1909f56bfc062723c751e8b465ee728b) (PreviewImporter) -> (artifact id: '40a6f5b66a5943c718dde7f2346fb1c1') in 0.0144005 seconds
Number of updated asset objects reloaded before import = 0Number of asset objects unloaded after import = 3

========================================================================
Received Import Request.
  Time since last request: 0.000025 seconds.
  path: Assets/LDraw-Importer/Materials/Sand_Green.mat
  artifactKey: Guid(eeaff5c2dbf6fee479756bbf4e7c49a1) Importer(815301076,1909f56bfc062723c751e8b465ee728b)
Start importing Assets/LDraw-Importer/Materials/Sand_Green.mat using Guid(eeaff5c2dbf6fee479756bbf4e7c49a1) Importer(815301076,1909f56bfc062723c751e8b465ee728b) (PreviewImporter) -> (artifact id: 'b7e10b6cd42050dfe0d3138e44ab55ce') in 0.0143952 seconds
Number of updated asset objects reloaded before import = 0Number of asset objects unloaded after import = 3

========================================================================
Received Import Request.
  Time since last request: 0.000016 seconds.
  path: Assets/LDraw-Importer/Materials/Sky_Blue.mat
  artifactKey: Guid(6e02826cf6b5dc04390a55ab6a997ace) Importer(815301076,1909f56bfc062723c751e8b465ee728b)
Start importing Assets/LDraw-Importer/Materials/Sky_Blue.mat using Guid(6e02826cf6b5dc04390a55ab6a997ace) Importer(815301076,1909f56bfc062723c751e8b465ee728b) (PreviewImporter) -> (artifact id: 'fca9fc9f3193e03e884a9e02e0dbb17f') in 0.0137417 seconds
Number of updated asset objects reloaded before import = 0Number of asset objects unloaded after import = 3

========================================================================
Received Import Request.
  Time since last request: 0.000015 seconds.
  path: Assets/LDraw-Importer/Materials/Speckle_Black_Copper.mat
  artifactKey: Guid(9b3955d092353694990be1df557cc5a6) Importer(815301076,1909f56bfc062723c751e8b465ee728b)
Start importing Assets/LDraw-Importer/Materials/Speckle_Black_Copper.mat using Guid(9b3955d092353694990be1df557cc5a6) Importer(815301076,1909f56bfc062723c751e8b465ee728b) (PreviewImporter) -> (artifact id: 'c9d0fd9513ff4270a24e5ad802ef17e1') in 0.0143384 seconds
Number of updated asset objects reloaded before import = 0Number of asset objects unloaded after import = 3

========================================================================
Received Import Request.
  Time since last request: 0.000013 seconds.
  path: Assets/LDraw-Importer/Materials/Speckle_Black_Silver.mat
  artifactKey: Guid(0ddf354b5e5736b418f6f9bc17791a95) Importer(815301076,1909f56bfc062723c751e8b465ee728b)
Start importing Assets/LDraw-Importer/Materials/Speckle_Black_Silver.mat using Guid(0ddf354b5e5736b418f6f9bc17791a95) Importer(815301076,1909f56bfc062723c751e8b465ee728b) (PreviewImporter) -> (artifact id: '6b46c5ad562060377875fe031ca39aec') in 0.0145099 seconds
Number of updated asset objects reloaded before import = 0Number of asset objects unloaded after import = 3

========================================================================
Received Import Request.
  Time since last request: 0.000015 seconds.
  path: Assets/LDraw-Importer/Materials/Trans_Black_IR_Lens.mat
  artifactKey: Guid(7be0f809314408f4f8e0ad942f0aba32) Importer(815301076,1909f56bfc062723c751e8b465ee728b)
Start importing Assets/LDraw-Importer/Materials/Trans_Black_IR_Lens.mat using Guid(7be0f809314408f4f8e0ad942f0aba32) Importer(815301076,1909f56bfc062723c751e8b465ee728b) (PreviewImporter) -> (artifact id: '174bd645c7fd09a73a79242f2f9f47c2') in 0.0158473 seconds
Number of updated asset objects reloaded before import = 0Number of asset objects unloaded after import = 3

========================================================================
Received Import Request.
  Time since last request: 0.000013 seconds.
  path: Assets/LDraw-Importer/Materials/Trans_Bright_Light_Orange.mat
  artifactKey: Guid(99d243ee718341748b1a46f48400db6b) Importer(815301076,1909f56bfc062723c751e8b465ee728b)
Start importing Assets/LDraw-Importer/Materials/Trans_Bright_Light_Orange.mat using Guid(99d243ee718341748b1a46f48400db6b) Importer(815301076,1909f56bfc062723c751e8b465ee728b) (PreviewImporter) -> (artifact id: 'a8a426cc49edf00472000e3b1b66416c') in 0.0149167 seconds
Number of updated asset objects reloaded before import = 0Number of asset objects unloaded after import = 3

========================================================================
Received Import Request.
  Time since last request: 0.000014 seconds.
  path: Assets/LDraw-Importer/Materials/Trans_Black.mat
  artifactKey: Guid(cf1bd198b9b9ebf4ab73a816d06173e9) Importer(815301076,1909f56bfc062723c751e8b465ee728b)
Start importing Assets/LDraw-Importer/Materials/Trans_Black.mat using Guid(cf1bd198b9b9ebf4ab73a816d06173e9) Importer(815301076,1909f56bfc062723c751e8b465ee728b) (PreviewImporter) -> (artifact id: '5f6eaf750305eaf74a45ec0d2e51e6b8') in 0.0145097 seconds
Number of updated asset objects reloaded before import = 0Number of asset objects unloaded after import = 3

========================================================================
Received Import Request.
  Time since last request: 0.000023 seconds.
  path: Assets/LDraw-Importer/Materials/Trans_Dark_Pink.mat
  artifactKey: Guid(320778560e5935c4d880b3ded8360e63) Importer(815301076,1909f56bfc062723c751e8b465ee728b)
Start importing Assets/LDraw-Importer/Materials/Trans_Dark_Pink.mat using Guid(320778560e5935c4d880b3ded8360e63) Importer(815301076,1909f56bfc062723c751e8b465ee728b) (PreviewImporter) -> (artifact id: 'e92cead3a848f42346c5e79553787c27') in 0.0141467 seconds
Number of updated asset objects reloaded before import = 0Number of asset objects unloaded after import = 3

========================================================================
Received Import Request.
  Time since last request: 0.000017 seconds.
  path: Assets/LDraw-Importer/Materials/Trans_Green.mat
  artifactKey: Guid(242b9f0000dfa39488020df45a9ce4f9) Importer(815301076,1909f56bfc062723c751e8b465ee728b)
Start importing Assets/LDraw-Importer/Materials/Trans_Green.mat using Guid(242b9f0000dfa39488020df45a9ce4f9) Importer(815301076,1909f56bfc062723c751e8b465ee728b) (PreviewImporter) -> (artifact id: 'f04d3b132fbaeb2a435450446d102e93') in 0.0146657 seconds
Number of updated asset objects reloaded before import = 0Number of asset objects unloaded after import = 3

========================================================================
Received Import Request.
  Time since last request: 0.000015 seconds.
  path: Assets/LDraw-Importer/Materials/Lavender.mat
  artifactKey: Guid(135e941d6ed504340b5dbce1c59dcb00) Importer(815301076,1909f56bfc062723c751e8b465ee728b)
Start importing Assets/LDraw-Importer/Materials/Lavender.mat using Guid(135e941d6ed504340b5dbce1c59dcb00) Importer(815301076,1909f56bfc062723c751e8b465ee728b) (PreviewImporter) -> (artifact id: '72678bb6f3972a23c208c63ebdecb7be') in 0.0149561 seconds
Number of updated asset objects reloaded before import = 0Number of asset objects unloaded after import = 3

========================================================================
Received Import Request.
  Time since last request: 0.000017 seconds.
  path: Assets/LDraw-Importer/Materials/Trans_Light_Blue_Violet.mat
  artifactKey: Guid(48009dfc0d97a1149a6d71cabd2292d9) Importer(815301076,1909f56bfc062723c751e8b465ee728b)
Start importing Assets/LDraw-Importer/Materials/Trans_Light_Blue_Violet.mat using Guid(48009dfc0d97a1149a6d71cabd2292d9) Importer(815301076,1909f56bfc062723c751e8b465ee728b) (PreviewImporter) -> (artifact id: '35bc54bd09bfd4ab49691b6ad78b51cb') in 0.0147595 seconds
Number of updated asset objects reloaded before import = 0Number of asset objects unloaded after import = 3

========================================================================
Received Import Request.
  Time since last request: 0.000014 seconds.
  path: Assets/LDraw-Importer/Materials/Trans_Medium_Blue.mat
  artifactKey: Guid(6e66202181ec4d54aa320834fb24f4a8) Importer(815301076,1909f56bfc062723c751e8b465ee728b)
Start importing Assets/LDraw-Importer/Materials/Trans_Medium_Blue.mat using Guid(6e66202181ec4d54aa320834fb24f4a8) Importer(815301076,1909f56bfc062723c751e8b465ee728b) (PreviewImporter) -> (artifact id: 'ebe8b07dde4d0cfe02d5f3da2b7cb50a') in 0.0145214 seconds
Number of updated asset objects reloaded before import = 0Number of asset objects unloaded after import = 3

========================================================================
Received Import Request.
  Time since last request: 0.000016 seconds.
  path: Assets/LDraw-Importer/Materials/Trans_Neon_Orange.mat
  artifactKey: Guid(d7310def111380841a7b6a033cf2926a) Importer(815301076,1909f56bfc062723c751e8b465ee728b)
Start importing Assets/LDraw-Importer/Materials/Trans_Neon_Orange.mat using Guid(d7310def111380841a7b6a033cf2926a) Importer(815301076,1909f56bfc062723c751e8b465ee728b) (PreviewImporter) -> (artifact id: '73552cb4e05aae766b0c4b9166a79938') in 0.0150922 seconds
Number of updated asset objects reloaded before import = 0Number of asset objects unloaded after import = 3

========================================================================
Received Import Request.
  Time since last request: 0.000021 seconds.
  path: Assets/LDraw-Importer/Materials/Trans_Orange.mat
  artifactKey: Guid(3e62b2ef086be854bb4328865ee8fe45) Importer(815301076,1909f56bfc062723c751e8b465ee728b)
Start importing Assets/LDraw-Importer/Materials/Trans_Orange.mat using Guid(3e62b2ef086be854bb4328865ee8fe45) Importer(815301076,1909f56bfc062723c751e8b465ee728b) (PreviewImporter) -> (artifact id: 'fa387cc6c7e3cc3453f993801a1ac9de') in 0.0185998 seconds
Number of updated asset objects reloaded before import = 0Number of asset objects unloaded after import = 3

========================================================================
Received Import Request.
  Time since last request: 0.000021 seconds.
  path: Assets/LDraw-Importer/Materials/Trans_Clear.mat
  artifactKey: Guid(e53fa874193326646a315a5413886df7) Importer(815301076,1909f56bfc062723c751e8b465ee728b)
Start importing Assets/LDraw-Importer/Materials/Trans_Clear.mat using Guid(e53fa874193326646a315a5413886df7) Importer(815301076,1909f56bfc062723c751e8b465ee728b) (PreviewImporter) -> (artifact id: 'eac3f1e3f5a7a44845cface6e047699f') in 0.0178889 seconds
Number of updated asset objects reloaded before import = 0Number of asset objects unloaded after import = 3

========================================================================
Received Import Request.
  Time since last request: 0.000029 seconds.
  path: Assets/LDraw-Importer/Materials/Rust.mat
  artifactKey: Guid(e9078113a451c8a47bb65a43ecddbb11) Importer(815301076,1909f56bfc062723c751e8b465ee728b)
Start importing Assets/LDraw-Importer/Materials/Rust.mat using Guid(e9078113a451c8a47bb65a43ecddbb11) Importer(815301076,1909f56bfc062723c751e8b465ee728b) (PreviewImporter) -> (artifact id: '13026f214f1351105fc510fa1e241b88') in 0.0155688 seconds
Number of updated asset objects reloaded before import = 0Number of asset objects unloaded after import = 3

========================================================================
Received Import Request.
  Time since last request: 0.000016 seconds.
  path: Assets/LDraw-Importer/Materials/Reddish_Gold.mat
  artifactKey: Guid(528b42b1babeec54da25b11f4edc16aa) Importer(815301076,1909f56bfc062723c751e8b465ee728b)
Start importing Assets/LDraw-Importer/Materials/Reddish_Gold.mat using Guid(528b42b1babeec54da25b11f4edc16aa) Importer(815301076,1909f56bfc062723c751e8b465ee728b) (PreviewImporter) -> (artifact id: '3ec1a240108bb34717d22030e8ca2cc8') in 0.0173912 seconds
Number of updated asset objects reloaded before import = 0Number of asset objects unloaded after import = 3

========================================================================
Received Import Request.
  Time since last request: 0.000015 seconds.
  path: Assets/LDraw-Importer/Materials/Dark_Orange.mat
  artifactKey: Guid(78f7905088b9ed44ca678fffd631d13c) Importer(815301076,1909f56bfc062723c751e8b465ee728b)
Start importing Assets/LDraw-Importer/Materials/Dark_Orange.mat using Guid(78f7905088b9ed44ca678fffd631d13c) Importer(815301076,1909f56bfc062723c751e8b465ee728b) (PreviewImporter) -> (artifact id: 'bbefa7821719a9dbd0698a2cccee6131') in 0.0175457 seconds
Number of updated asset objects reloaded before import = 0Number of asset objects unloaded after import = 3

========================================================================
Received Import Request.
  Time since last request: 0.000017 seconds.
  path: Assets/LDraw-Importer/Materials/Rubber_Yellow.mat
  artifactKey: Guid(809204a4525d1fa438315486d821f724) Importer(815301076,1909f56bfc062723c751e8b465ee728b)
Start importing Assets/LDraw-Importer/Materials/Rubber_Yellow.mat using Guid(809204a4525d1fa438315486d821f724) Importer(815301076,1909f56bfc062723c751e8b465ee728b) (PreviewImporter) -> (artifact id: 'ab8a8afeb185b17b63593f2d1e896b02') in 0.018274 seconds
Number of updated asset objects reloaded before import = 0Number of asset objects unloaded after import = 3

========================================================================
Received Import Request.
  Time since last request: 0.000021 seconds.
  path: Assets/LDraw-Importer/Materials/Brown.mat
  artifactKey: Guid(f5dc2db740e56b44296808f14f2dde3f) Importer(815301076,1909f56bfc062723c751e8b465ee728b)
Start importing Assets/LDraw-Importer/Materials/Brown.mat using Guid(f5dc2db740e56b44296808f14f2dde3f) Importer(815301076,1909f56bfc062723c751e8b465ee728b) (PreviewImporter) -> (artifact id: '868ef1b2a6dd40f55809e698a4b80dc4') in 0.014563 seconds
Number of updated asset objects reloaded before import = 0Number of asset objects unloaded after import = 3

========================================================================
Received Import Request.
  Time since last request: 0.892127 seconds.
  path: Assets/LDraw-Importer/Materials/Trans_Red.mat
  artifactKey: Guid(5614c425159eeeb4d857612406d89a70) Importer(815301076,1909f56bfc062723c751e8b465ee728b)
Start importing Assets/LDraw-Importer/Materials/Trans_Red.mat using Guid(5614c425159eeeb4d857612406d89a70) Importer(815301076,1909f56bfc062723c751e8b465ee728b) (PreviewImporter) -> (artifact id: 'dae12a458a13bb99a84ea1de9c3e7ece') in 0.0153464 seconds
Number of updated asset objects reloaded before import = 0Number of asset objects unloaded after import = 3

========================================================================
Received Import Request.
  Time since last request: 0.000014 seconds.
  path: Assets/LDraw-Importer/Materials/Trans_Very_Light_Blue.mat
  artifactKey: Guid(d7256a67c261a044b9e36d1143b6d870) Importer(815301076,1909f56bfc062723c751e8b465ee728b)
Start importing Assets/LDraw-Importer/Materials/Trans_Very_Light_Blue.mat using Guid(d7256a67c261a044b9e36d1143b6d870) Importer(815301076,1909f56bfc062723c751e8b465ee728b) (PreviewImporter) -> (artifact id: '3a1205a5c2c2c173636b6a3520b32aaf') in 0.0156732 seconds
Number of updated asset objects reloaded before import = 0Number of asset objects unloaded after import = 3

========================================================================
Received Import Request.
  Time since last request: 0.000018 seconds.
  path: Assets/LDraw-Importer/Materials/Very_Light_Bluish_Grey.mat
  artifactKey: Guid(53f6ddfa29f0ed34e9eaabc504bf63bb) Importer(815301076,1909f56bfc062723c751e8b465ee728b)
Start importing Assets/LDraw-Importer/Materials/Very_Light_Bluish_Grey.mat using Guid(53f6ddfa29f0ed34e9eaabc504bf63bb) Importer(815301076,1909f56bfc062723c751e8b465ee728b) (PreviewImporter) -> (artifact id: '3ba13558f6f0ae6da71d904e27f7cbb1') in 0.0164601 seconds
Number of updated asset objects reloaded before import = 0Number of asset objects unloaded after import = 3

========================================================================
Received Import Request.
  Time since last request: 0.000029 seconds.
  path: Assets/LDraw-Importer/Materials/Very_Light_Orange.mat
  artifactKey: Guid(3f5fdb805d0cb6c4e9d95d3000d2dc6b) Importer(815301076,1909f56bfc062723c751e8b465ee728b)
Start importing Assets/LDraw-Importer/Materials/Very_Light_Orange.mat using Guid(3f5fdb805d0cb6c4e9d95d3000d2dc6b) Importer(815301076,1909f56bfc062723c751e8b465ee728b) (PreviewImporter) -> (artifact id: '600d8f0f225ea485e0a1881438e67ab5') in 0.0189906 seconds
Number of updated asset objects reloaded before import = 0Number of asset objects unloaded after import = 3

========================================================================
Received Import Request.
  Time since last request: 0.000022 seconds.
  path: Assets/LDraw-Importer/Materials/Yellow.mat
  artifactKey: Guid(775b07fd891a96e488b69792dc5ed87a) Importer(815301076,1909f56bfc062723c751e8b465ee728b)
Start importing Assets/LDraw-Importer/Materials/Yellow.mat using Guid(775b07fd891a96e488b69792dc5ed87a) Importer(815301076,1909f56bfc062723c751e8b465ee728b) (PreviewImporter) -> (artifact id: '041792b24aabd85b8996234e52f9b0fb') in 0.0205816 seconds
Number of updated asset objects reloaded before import = 0Number of asset objects unloaded after import = 3

========================================================================
Received Import Request.
  Time since last request: 0.000016 seconds.
  path: Assets/LDraw-Importer/Materials/Violet.mat
  artifactKey: Guid(9113f6b39c252e44d8365913f8c8cf64) Importer(815301076,1909f56bfc062723c751e8b465ee728b)
Start importing Assets/LDraw-Importer/Materials/Violet.mat using Guid(9113f6b39c252e44d8365913f8c8cf64) Importer(815301076,1909f56bfc062723c751e8b465ee728b) (PreviewImporter) -> (artifact id: '9374b33e09af05b7e31a8d8493e87789') in 0.0147053 seconds
Number of updated asset objects reloaded before import = 0Number of asset objects unloaded after import = 3

